Using pre-set license
Built from '2021.3/staging' branch; Version is '2021.3.8f1 (b30333d56e81) revision 11731763'; Using compiler version '192829333'; Build Type 'Release'
OS: 'Windows 10  (10.0.19043) 64bit Professional' Language: 'en' Physical Memory: 8067 MB
BatchMode: 1, IsHumanControllingUs: 0, StartBugReporterOnCrash: 0, Is64bit: 1, IsPro: 1

COMMAND LINE ARGUMENTS:
F:\Unity\2021.3.8f1\Editor\Unity.exe
-adb2
-batchMode
-noUpm
-name
AssetImportWorker8
-projectPath
F:/Unity Project/KidnapThePrincess
-logFile
Logs/AssetImportWorker8.log
-srvPort
59181
Successfully changed project path to: F:/Unity Project/KidnapThePrincess
F:/Unity Project/KidnapThePrincess
[UnityMemory] Configuration Parameters - Can be set up in boot.config
    "memorysetup-bucket-allocator-granularity=16"
    "memorysetup-bucket-allocator-bucket-count=8"
    "memorysetup-bucket-allocator-block-size=33554432"
    "memorysetup-bucket-allocator-block-count=8"
    "memorysetup-main-allocator-block-size=16777216"
    "memorysetup-thread-allocator-block-size=16777216"
    "memorysetup-gfx-main-allocator-block-size=16777216"
    "memorysetup-gfx-thread-allocator-block-size=16777216"
    "memorysetup-cache-allocator-block-size=4194304"
    "memorysetup-typetree-allocator-block-size=2097152"
    "memorysetup-profiler-bucket-allocator-granularity=16"
    "memorysetup-profiler-bucket-allocator-bucket-count=8"
    "memorysetup-profiler-bucket-allocator-block-size=33554432"
    "memorysetup-profiler-bucket-allocator-block-count=8"
    "memorysetup-profiler-allocator-block-size=16777216"
    "memorysetup-profiler-editor-allocator-block-size=1048576"
    "memorysetup-temp-allocator-size-main=16777216"
    "memorysetup-job-temp-allocator-block-size=2097152"
    "memorysetup-job-temp-allocator-block-size-background=1048576"
    "memorysetup-job-temp-allocator-reduction-small-platforms=262144"
    "memorysetup-temp-allocator-size-background-worker=32768"
    "memorysetup-temp-allocator-size-job-worker=262144"
    "memorysetup-temp-allocator-size-preload-manager=33554432"
    "memorysetup-temp-allocator-size-nav-mesh-worker=65536"
    "memorysetup-temp-allocator-size-audio-worker=65536"
    "memorysetup-temp-allocator-size-cloud-worker=32768"
    "memorysetup-temp-allocator-size-gi-baking-worker=262144"
    "memorysetup-temp-allocator-size-gfx=262144"
Refreshing native plugins compatible for Editor in 160.03 ms, found 4 plugins.
Preloading 0 native plugins for Editor in 0.00 ms.
Initialize engine version: 2021.3.8f1 (b30333d56e81)
[Subsystems] Discovering subsystems at path F:/Unity/2021.3.8f1/Editor/Data/Resources/UnitySubsystems
[Subsystems] Discovering subsystems at path F:/Unity Project/KidnapThePrincess/Assets
GfxDevice: creating device client; threaded=0; jobified=0
Direct3D:
    Version:  Direct3D 11.0 [level 11.1]
    Renderer: NVIDIA GeForce GTX 1050 Ti (ID=0x1c8c)
    Vendor:   NVIDIA
    VRAM:     4021 MB
    Driver:   27.21.14.6140
Initialize mono
Mono path[0] = 'F:/Unity/2021.3.8f1/Editor/Data/Managed'
Mono path[1] = 'F:/Unity/2021.3.8f1/Editor/Data/MonoBleedingEdge/lib/mono/unityjit-win32'
Mono config path = 'F:/Unity/2021.3.8f1/Editor/Data/MonoBleedingEdge/etc'
Using monoOptions --debugger-agent=transport=dt_socket,embedding=1,server=y,suspend=n,address=127.0.0.1:56744
Begin MonoManager ReloadAssembly
Registering precompiled unity dll's ...
Register platform support module: F:/Unity/2021.3.8f1/Editor/Data/PlaybackEngines/WindowsStandaloneSupport/UnityEditor.WindowsStandalone.Extensions.dll
Registered in 0.004965 seconds.
Native extension for WindowsStandalone target not found
Refreshing native plugins compatible for Editor in 128.78 ms, found 4 plugins.
Preloading 0 native plugins for Editor in 0.00 ms.
Mono: successfully reloaded assembly
- Completed reload, in  0.847 seconds
Domain Reload Profiling:
	ReloadAssembly (848ms)
		BeginReloadAssembly (101ms)
			ExecutionOrderSort (0ms)
			DisableScriptedObjects (0ms)
			BackupInstance (0ms)
			ReleaseScriptingObjects (0ms)
			CreateAndSetChildDomain (1ms)
		EndReloadAssembly (616ms)
			LoadAssemblies (100ms)
			RebuildTransferFunctionScriptingTraits (0ms)
			SetupTypeCache (139ms)
			ReleaseScriptCaches (0ms)
			RebuildScriptCaches (34ms)
			SetupLoadedEditorAssemblies (372ms)
				LogAssemblyErrors (0ms)
				InitializePlatformSupportModulesInManaged (7ms)
				SetLoadedEditorAssemblies (0ms)
				RefreshPlugins (129ms)
				BeforeProcessingInitializeOnLoad (1ms)
				ProcessInitializeOnLoadAttributes (172ms)
				ProcessInitializeOnLoadMethodAttributes (62ms)
				AfterProcessingInitializeOnLoad (0ms)
				EditorAssembliesLoaded (0ms)
			ExecutionOrderSort2 (0ms)
			AwakeInstancesAfterBackupRestoration (0ms)
Platform modules already initialized, skipping
Registering precompiled user dll's ...
Registered in 0.007440 seconds.
Begin MonoManager ReloadAssembly
Symbol file LoadedFromMemory doesn't match image F:\Unity Project\KidnapThePrincess\Library\PackageCache\com.unity.visualscripting@1.7.8\Editor\VisualScripting.Core\Dependencies\YamlDotNet\Unity.VisualScripting.YamlDotNet.dll
Symbol file LoadedFromMemory doesn't match image F:\Unity Project\KidnapThePrincess\Library\PackageCache\com.unity.visualscripting@1.7.8\Editor\VisualScripting.Core\Dependencies\DotNetZip\Unity.VisualScripting.IonicZip.dll
Native extension for WindowsStandalone target not found
Refreshing native plugins compatible for Editor in 147.17 ms, found 4 plugins.
Preloading 0 native plugins for Editor in 0.00 ms.
Mono: successfully reloaded assembly
- Completed reload, in  2.825 seconds
Domain Reload Profiling:
	ReloadAssembly (2826ms)
		BeginReloadAssembly (161ms)
			ExecutionOrderSort (0ms)
			DisableScriptedObjects (7ms)
			BackupInstance (0ms)
			ReleaseScriptingObjects (0ms)
			CreateAndSetChildDomain (32ms)
		EndReloadAssembly (2485ms)
			LoadAssemblies (123ms)
			RebuildTransferFunctionScriptingTraits (0ms)
			SetupTypeCache (611ms)
			ReleaseScriptCaches (1ms)
			RebuildScriptCaches (92ms)
			SetupLoadedEditorAssemblies (1607ms)
				LogAssemblyErrors (0ms)
				InitializePlatformSupportModulesInManaged (4ms)
				SetLoadedEditorAssemblies (0ms)
				RefreshPlugins (147ms)
				BeforeProcessingInitializeOnLoad (149ms)
				ProcessInitializeOnLoadAttributes (1239ms)
				ProcessInitializeOnLoadMethodAttributes (64ms)
				AfterProcessingInitializeOnLoad (4ms)
				EditorAssembliesLoaded (0ms)
			ExecutionOrderSort2 (0ms)
			AwakeInstancesAfterBackupRestoration (8ms)
Platform modules already initialized, skipping
========================================================================
Worker process is ready to serve import requests
Launched and connected shader compiler UnityShaderCompiler.exe after 0.29 seconds
Refreshing native plugins compatible for Editor in 1.04 ms, found 4 plugins.
Preloading 0 native plugins for Editor in 0.00 ms.
Unloading 4383 Unused Serialized files (Serialized files now loaded: 0)
Unloading 58 unused Assets / (294.0 KB). Loaded Objects now: 4858.
Memory consumption went from 178.1 MB to 177.8 MB.
Total: 4.758900 ms (FindLiveObjects: 0.587500 ms CreateObjectMapping: 0.379000 ms MarkObjects: 3.522600 ms  DeleteObjects: 0.268700 ms)

AssetImportParameters requested are different than current active one (requested -> active):
  custom:video-decoder-ogg-theora: a1e56fd34408186e4bbccfd4996cb3dc -> 
  custom:container-muxer-webm: aa71ff27fc2769a1b78a27578f13a17b -> 
  custom:container-demuxer-webm: 4f35f7cbe854078d1ac9338744f61a02 -> 
  custom:video-encoder-webm-vp8: eb34c28f22e8b96e1ab97ce403110664 -> 
  custom:video-codec-MediaFoundation-h265: 746d11721c4dcdbdad8f713fa42b33f4 -> 
  custom:audio-encoder-webm-vorbis: bf7c407c2cedff20999df2af8eb42d56 -> 
  custom:framework-win-MediaFoundation: 216162199b28c13a410421893ffa2e32 -> 
  custom:container-demuxer-ogg: 62fdf1f143b41e24485cea50d1cbac27 -> 
  custom:video-decoder-webm-vp8: 9c59270c3fd7afecdb556c50c9e8de78 -> 
  custom:audio-decoder-ogg-vorbis: bf7c407c2cedff20999df2af8eb42d56 -> 
========================================================================
Received Import Request.
  Time since last request: 35981.131304 seconds.
  path: Assets/Scripts/StatusEffectScripts/KnockBackDefault.asset
  artifactKey: Guid(e040205c64a6a8545a4f20a2fa16c420) Importer(815301076,1909f56bfc062723c751e8b465ee728b)
Start importing Assets/Scripts/StatusEffectScripts/KnockBackDefault.asset using Guid(e040205c64a6a8545a4f20a2fa16c420) Importer(815301076,1909f56bfc062723c751e8b465ee728b)  -> (artifact id: 'cfbe393d5ae2dc1d4e21a2a1fc4319c0') in 0.100978 seconds 
========================================================================
Received Prepare
Registering precompiled user dll's ...
Registered in 0.007226 seconds.
Begin MonoManager ReloadAssembly
Symbol file LoadedFromMemory doesn't match image F:\Unity Project\KidnapThePrincess\Library\PackageCache\com.unity.visualscripting@1.7.8\Editor\VisualScripting.Core\Dependencies\YamlDotNet\Unity.VisualScripting.YamlDotNet.dll
Symbol file LoadedFromMemory doesn't match image F:\Unity Project\KidnapThePrincess\Library\PackageCache\com.unity.visualscripting@1.7.8\Editor\VisualScripting.Core\Dependencies\DotNetZip\Unity.VisualScripting.IonicZip.dll
Native extension for WindowsStandalone target not found
Refreshing native plugins compatible for Editor in 0.97 ms, found 4 plugins.
Preloading 0 native plugins for Editor in 0.00 ms.
Mono: successfully reloaded assembly
- Completed reload, in  1.742 seconds
Domain Reload Profiling:
	ReloadAssembly (1743ms)
		BeginReloadAssembly (181ms)
			ExecutionOrderSort (0ms)
			DisableScriptedObjects (8ms)
			BackupInstance (0ms)
			ReleaseScriptingObjects (0ms)
			CreateAndSetChildDomain (55ms)
		EndReloadAssembly (1434ms)
			LoadAssemblies (136ms)
			RebuildTransferFunctionScriptingTraits (0ms)
			SetupTypeCache (440ms)
			ReleaseScriptCaches (2ms)
			RebuildScriptCaches (83ms)
			SetupLoadedEditorAssemblies (688ms)
				LogAssemblyErrors (0ms)
				InitializePlatformSupportModulesInManaged (17ms)
				SetLoadedEditorAssemblies (1ms)
				RefreshPlugins (1ms)
				BeforeProcessingInitializeOnLoad (142ms)
				ProcessInitializeOnLoadAttributes (470ms)
				ProcessInitializeOnLoadMethodAttributes (55ms)
				AfterProcessingInitializeOnLoad (4ms)
				EditorAssembliesLoaded (0ms)
			ExecutionOrderSort2 (0ms)
			AwakeInstancesAfterBackupRestoration (11ms)
Platform modules already initialized, skipping
Refreshing native plugins compatible for Editor in 4.72 ms, found 4 plugins.
Preloading 0 native plugins for Editor in 0.00 ms.
Unloading 4374 Unused Serialized files (Serialized files now loaded: 0)
Unloading 33 unused Assets / (262.1 KB). Loaded Objects now: 4874.
Memory consumption went from 177.6 MB to 177.4 MB.
Total: 10.866100 ms (FindLiveObjects: 0.456000 ms CreateObjectMapping: 0.481800 ms MarkObjects: 9.464300 ms  DeleteObjects: 0.462500 ms)

AssetImportParameters requested are different than current active one (requested -> active):
  custom:video-decoder-ogg-theora: a1e56fd34408186e4bbccfd4996cb3dc -> 
  custom:container-muxer-webm: aa71ff27fc2769a1b78a27578f13a17b -> 
  custom:container-demuxer-webm: 4f35f7cbe854078d1ac9338744f61a02 -> 
  custom:video-encoder-webm-vp8: eb34c28f22e8b96e1ab97ce403110664 -> 
  custom:video-codec-MediaFoundation-h265: 746d11721c4dcdbdad8f713fa42b33f4 -> 
  custom:audio-encoder-webm-vorbis: bf7c407c2cedff20999df2af8eb42d56 -> 
  custom:framework-win-MediaFoundation: 216162199b28c13a410421893ffa2e32 -> 
  custom:container-demuxer-ogg: 62fdf1f143b41e24485cea50d1cbac27 -> 
  custom:video-decoder-webm-vp8: 9c59270c3fd7afecdb556c50c9e8de78 -> 
  custom:audio-decoder-ogg-vorbis: bf7c407c2cedff20999df2af8eb42d56 -> 
========================================================================
Received Prepare
Registering precompiled user dll's ...
Registered in 0.007866 seconds.
Begin MonoManager ReloadAssembly
Symbol file LoadedFromMemory doesn't match image F:\Unity Project\KidnapThePrincess\Library\PackageCache\com.unity.visualscripting@1.7.8\Editor\VisualScripting.Core\Dependencies\YamlDotNet\Unity.VisualScripting.YamlDotNet.dll
Symbol file LoadedFromMemory doesn't match image F:\Unity Project\KidnapThePrincess\Library\PackageCache\com.unity.visualscripting@1.7.8\Editor\VisualScripting.Core\Dependencies\DotNetZip\Unity.VisualScripting.IonicZip.dll
Native extension for WindowsStandalone target not found
Refreshing native plugins compatible for Editor in 1.14 ms, found 4 plugins.
Preloading 0 native plugins for Editor in 0.00 ms.
Mono: successfully reloaded assembly
- Completed reload, in  1.365 seconds
Domain Reload Profiling:
	ReloadAssembly (1366ms)
		BeginReloadAssembly (160ms)
			ExecutionOrderSort (0ms)
			DisableScriptedObjects (8ms)
			BackupInstance (0ms)
			ReleaseScriptingObjects (0ms)
			CreateAndSetChildDomain (48ms)
		EndReloadAssembly (1079ms)
			LoadAssemblies (113ms)
			RebuildTransferFunctionScriptingTraits (0ms)
			SetupTypeCache (357ms)
			ReleaseScriptCaches (2ms)
			RebuildScriptCaches (63ms)
			SetupLoadedEditorAssemblies (493ms)
				LogAssemblyErrors (0ms)
				InitializePlatformSupportModulesInManaged (15ms)
				SetLoadedEditorAssemblies (1ms)
				RefreshPlugins (1ms)
				BeforeProcessingInitializeOnLoad (105ms)
				ProcessInitializeOnLoadAttributes (310ms)
				ProcessInitializeOnLoadMethodAttributes (58ms)
				AfterProcessingInitializeOnLoad (3ms)
				EditorAssembliesLoaded (0ms)
			ExecutionOrderSort2 (0ms)
			AwakeInstancesAfterBackupRestoration (11ms)
Platform modules already initialized, skipping
Refreshing native plugins compatible for Editor in 2.33 ms, found 4 plugins.
Preloading 0 native plugins for Editor in 0.00 ms.
Unloading 4374 Unused Serialized files (Serialized files now loaded: 0)
Unloading 33 unused Assets / (262.2 KB). Loaded Objects now: 4889.
Memory consumption went from 177.7 MB to 177.4 MB.
Total: 5.254200 ms (FindLiveObjects: 0.482300 ms CreateObjectMapping: 0.346700 ms MarkObjects: 4.125900 ms  DeleteObjects: 0.298100 ms)

AssetImportParameters requested are different than current active one (requested -> active):
  custom:video-decoder-ogg-theora: a1e56fd34408186e4bbccfd4996cb3dc -> 
  custom:container-muxer-webm: aa71ff27fc2769a1b78a27578f13a17b -> 
  custom:container-demuxer-webm: 4f35f7cbe854078d1ac9338744f61a02 -> 
  custom:video-encoder-webm-vp8: eb34c28f22e8b96e1ab97ce403110664 -> 
  custom:video-codec-MediaFoundation-h265: 746d11721c4dcdbdad8f713fa42b33f4 -> 
  custom:audio-encoder-webm-vorbis: bf7c407c2cedff20999df2af8eb42d56 -> 
  custom:framework-win-MediaFoundation: 216162199b28c13a410421893ffa2e32 -> 
  custom:container-demuxer-ogg: 62fdf1f143b41e24485cea50d1cbac27 -> 
  custom:video-decoder-webm-vp8: 9c59270c3fd7afecdb556c50c9e8de78 -> 
  custom:audio-decoder-ogg-vorbis: bf7c407c2cedff20999df2af8eb42d56 -> 
========================================================================
Received Prepare
Registering precompiled user dll's ...
Registered in 0.006714 seconds.
Begin MonoManager ReloadAssembly
Symbol file LoadedFromMemory doesn't match image F:\Unity Project\KidnapThePrincess\Library\PackageCache\com.unity.visualscripting@1.7.8\Editor\VisualScripting.Core\Dependencies\YamlDotNet\Unity.VisualScripting.YamlDotNet.dll
Symbol file LoadedFromMemory doesn't match image F:\Unity Project\KidnapThePrincess\Library\PackageCache\com.unity.visualscripting@1.7.8\Editor\VisualScripting.Core\Dependencies\DotNetZip\Unity.VisualScripting.IonicZip.dll
Native extension for WindowsStandalone target not found
Refreshing native plugins compatible for Editor in 0.95 ms, found 4 plugins.
Preloading 0 native plugins for Editor in 0.00 ms.
Mono: successfully reloaded assembly
- Completed reload, in  1.448 seconds
Domain Reload Profiling:
	ReloadAssembly (1449ms)
		BeginReloadAssembly (167ms)
			ExecutionOrderSort (0ms)
			DisableScriptedObjects (10ms)
			BackupInstance (0ms)
			ReleaseScriptingObjects (0ms)
			CreateAndSetChildDomain (53ms)
		EndReloadAssembly (1139ms)
			LoadAssemblies (114ms)
			RebuildTransferFunctionScriptingTraits (0ms)
			SetupTypeCache (371ms)
			ReleaseScriptCaches (3ms)
			RebuildScriptCaches (102ms)
			SetupLoadedEditorAssemblies (473ms)
				LogAssemblyErrors (0ms)
				InitializePlatformSupportModulesInManaged (18ms)
				SetLoadedEditorAssemblies (1ms)
				RefreshPlugins (1ms)
				BeforeProcessingInitializeOnLoad (113ms)
				ProcessInitializeOnLoadAttributes (290ms)
				ProcessInitializeOnLoadMethodAttributes (47ms)
				AfterProcessingInitializeOnLoad (5ms)
				EditorAssembliesLoaded (0ms)
			ExecutionOrderSort2 (0ms)
			AwakeInstancesAfterBackupRestoration (11ms)
Platform modules already initialized, skipping
Refreshing native plugins compatible for Editor in 2.22 ms, found 4 plugins.
Preloading 0 native plugins for Editor in 0.00 ms.
Unloading 4374 Unused Serialized files (Serialized files now loaded: 0)
Unloading 33 unused Assets / (262.4 KB). Loaded Objects now: 4904.
Memory consumption went from 177.7 MB to 177.4 MB.
Total: 4.271800 ms (FindLiveObjects: 0.495300 ms CreateObjectMapping: 0.244300 ms MarkObjects: 3.325400 ms  DeleteObjects: 0.205700 ms)

AssetImportParameters requested are different than current active one (requested -> active):
  custom:video-decoder-ogg-theora: a1e56fd34408186e4bbccfd4996cb3dc -> 
  custom:container-muxer-webm: aa71ff27fc2769a1b78a27578f13a17b -> 
  custom:container-demuxer-webm: 4f35f7cbe854078d1ac9338744f61a02 -> 
  custom:video-encoder-webm-vp8: eb34c28f22e8b96e1ab97ce403110664 -> 
  custom:video-codec-MediaFoundation-h265: 746d11721c4dcdbdad8f713fa42b33f4 -> 
  custom:audio-encoder-webm-vorbis: bf7c407c2cedff20999df2af8eb42d56 -> 
  custom:framework-win-MediaFoundation: 216162199b28c13a410421893ffa2e32 -> 
  custom:container-demuxer-ogg: 62fdf1f143b41e24485cea50d1cbac27 -> 
  custom:video-decoder-webm-vp8: 9c59270c3fd7afecdb556c50c9e8de78 -> 
  custom:audio-decoder-ogg-vorbis: bf7c407c2cedff20999df2af8eb42d56 -> 
========================================================================
Received Prepare
Registering precompiled user dll's ...
Registered in 0.010068 seconds.
Begin MonoManager ReloadAssembly
Symbol file LoadedFromMemory doesn't match image F:\Unity Project\KidnapThePrincess\Library\PackageCache\com.unity.visualscripting@1.7.8\Editor\VisualScripting.Core\Dependencies\YamlDotNet\Unity.VisualScripting.YamlDotNet.dll
Symbol file LoadedFromMemory doesn't match image F:\Unity Project\KidnapThePrincess\Library\PackageCache\com.unity.visualscripting@1.7.8\Editor\VisualScripting.Core\Dependencies\DotNetZip\Unity.VisualScripting.IonicZip.dll
Native extension for WindowsStandalone target not found
Refreshing native plugins compatible for Editor in 1.81 ms, found 4 plugins.
Preloading 0 native plugins for Editor in 0.00 ms.
Mono: successfully reloaded assembly
- Completed reload, in  1.423 seconds
Domain Reload Profiling:
	ReloadAssembly (1424ms)
		BeginReloadAssembly (178ms)
			ExecutionOrderSort (0ms)
			DisableScriptedObjects (7ms)
			BackupInstance (0ms)
			ReleaseScriptingObjects (0ms)
			CreateAndSetChildDomain (56ms)
		EndReloadAssembly (1084ms)
			LoadAssemblies (115ms)
			RebuildTransferFunctionScriptingTraits (0ms)
			SetupTypeCache (362ms)
			ReleaseScriptCaches (2ms)
			RebuildScriptCaches (65ms)
			SetupLoadedEditorAssemblies (498ms)
				LogAssemblyErrors (0ms)
				InitializePlatformSupportModulesInManaged (17ms)
				SetLoadedEditorAssemblies (1ms)
				RefreshPlugins (2ms)
				BeforeProcessingInitializeOnLoad (108ms)
				ProcessInitializeOnLoadAttributes (316ms)
				ProcessInitializeOnLoadMethodAttributes (49ms)
				AfterProcessingInitializeOnLoad (3ms)
				EditorAssembliesLoaded (0ms)
			ExecutionOrderSort2 (0ms)
			AwakeInstancesAfterBackupRestoration (10ms)
Platform modules already initialized, skipping
Refreshing native plugins compatible for Editor in 2.33 ms, found 4 plugins.
Preloading 0 native plugins for Editor in 0.00 ms.
Unloading 4374 Unused Serialized files (Serialized files now loaded: 0)
Unloading 33 unused Assets / (262.2 KB). Loaded Objects now: 4919.
Memory consumption went from 177.7 MB to 177.4 MB.
Total: 4.351100 ms (FindLiveObjects: 0.506500 ms CreateObjectMapping: 0.413900 ms MarkObjects: 3.225400 ms  DeleteObjects: 0.204200 ms)

AssetImportParameters requested are different than current active one (requested -> active):
  custom:video-decoder-ogg-theora: a1e56fd34408186e4bbccfd4996cb3dc -> 
  custom:container-muxer-webm: aa71ff27fc2769a1b78a27578f13a17b -> 
  custom:container-demuxer-webm: 4f35f7cbe854078d1ac9338744f61a02 -> 
  custom:video-encoder-webm-vp8: eb34c28f22e8b96e1ab97ce403110664 -> 
  custom:video-codec-MediaFoundation-h265: 746d11721c4dcdbdad8f713fa42b33f4 -> 
  custom:audio-encoder-webm-vorbis: bf7c407c2cedff20999df2af8eb42d56 -> 
  custom:framework-win-MediaFoundation: 216162199b28c13a410421893ffa2e32 -> 
  custom:container-demuxer-ogg: 62fdf1f143b41e24485cea50d1cbac27 -> 
  custom:video-decoder-webm-vp8: 9c59270c3fd7afecdb556c50c9e8de78 -> 
  custom:audio-decoder-ogg-vorbis: bf7c407c2cedff20999df2af8eb42d56 -> 
========================================================================
Received Import Request.
  Time since last request: 520.407955 seconds.
  path: Assets/Scripts/StatusEffectScripts/KnockBack
  artifactKey: Guid(7a2ff9fd17c23c9419268fd9c9c65200) Importer(815301076,1909f56bfc062723c751e8b465ee728b)
Start importing Assets/Scripts/StatusEffectScripts/KnockBack using Guid(7a2ff9fd17c23c9419268fd9c9c65200) Importer(815301076,1909f56bfc062723c751e8b465ee728b)  -> (artifact id: '5d2c231d8c3f5aaf1271a6c2a2af6e09') in 0.022815 seconds 
========================================================================
Received Import Request.
  Time since last request: 1.779180 seconds.
  path: Assets/Scripts/StatusEffectScripts/KnockBack.cs
  artifactKey: Guid(d1326259838c35747b10f082355b9914) Importer(815301076,1909f56bfc062723c751e8b465ee728b)
Start importing Assets/Scripts/StatusEffectScripts/KnockBack.cs using Guid(d1326259838c35747b10f082355b9914) Importer(815301076,1909f56bfc062723c751e8b465ee728b)  -> (artifact id: 'e04ba7b8d1cb7957be8254db3e2c15d7') in 0.008133 seconds 
========================================================================
Received Prepare
Registering precompiled user dll's ...
Registered in 0.008906 seconds.
Begin MonoManager ReloadAssembly
Symbol file LoadedFromMemory doesn't match image F:\Unity Project\KidnapThePrincess\Library\PackageCache\com.unity.visualscripting@1.7.8\Editor\VisualScripting.Core\Dependencies\YamlDotNet\Unity.VisualScripting.YamlDotNet.dll
Symbol file LoadedFromMemory doesn't match image F:\Unity Project\KidnapThePrincess\Library\PackageCache\com.unity.visualscripting@1.7.8\Editor\VisualScripting.Core\Dependencies\DotNetZip\Unity.VisualScripting.IonicZip.dll
Native extension for WindowsStandalone target not found
Refreshing native plugins compatible for Editor in 0.83 ms, found 4 plugins.
Preloading 0 native plugins for Editor in 0.00 ms.
Mono: successfully reloaded assembly
- Completed reload, in  1.344 seconds
Domain Reload Profiling:
	ReloadAssembly (1345ms)
		BeginReloadAssembly (159ms)
			ExecutionOrderSort (0ms)
			DisableScriptedObjects (7ms)
			BackupInstance (0ms)
			ReleaseScriptingObjects (0ms)
			CreateAndSetChildDomain (48ms)
		EndReloadAssembly (1061ms)
			LoadAssemblies (121ms)
			RebuildTransferFunctionScriptingTraits (0ms)
			SetupTypeCache (335ms)
			ReleaseScriptCaches (2ms)
			RebuildScriptCaches (88ms)
			SetupLoadedEditorAssemblies (461ms)
				LogAssemblyErrors (0ms)
				InitializePlatformSupportModulesInManaged (17ms)
				SetLoadedEditorAssemblies (1ms)
				RefreshPlugins (1ms)
				BeforeProcessingInitializeOnLoad (94ms)
				ProcessInitializeOnLoadAttributes (294ms)
				ProcessInitializeOnLoadMethodAttributes (50ms)
				AfterProcessingInitializeOnLoad (5ms)
				EditorAssembliesLoaded (0ms)
			ExecutionOrderSort2 (0ms)
			AwakeInstancesAfterBackupRestoration (10ms)
Platform modules already initialized, skipping
Refreshing native plugins compatible for Editor in 2.41 ms, found 4 plugins.
Preloading 0 native plugins for Editor in 0.00 ms.
Unloading 4374 Unused Serialized files (Serialized files now loaded: 0)
Unloading 33 unused Assets / (262.3 KB). Loaded Objects now: 4934.
Memory consumption went from 177.7 MB to 177.5 MB.
Total: 4.908000 ms (FindLiveObjects: 0.491800 ms CreateObjectMapping: 0.701600 ms MarkObjects: 3.409800 ms  DeleteObjects: 0.303800 ms)

AssetImportParameters requested are different than current active one (requested -> active):
  custom:video-decoder-ogg-theora: a1e56fd34408186e4bbccfd4996cb3dc -> 
  custom:container-muxer-webm: aa71ff27fc2769a1b78a27578f13a17b -> 
  custom:container-demuxer-webm: 4f35f7cbe854078d1ac9338744f61a02 -> 
  custom:video-encoder-webm-vp8: eb34c28f22e8b96e1ab97ce403110664 -> 
  custom:video-codec-MediaFoundation-h265: 746d11721c4dcdbdad8f713fa42b33f4 -> 
  custom:audio-encoder-webm-vorbis: bf7c407c2cedff20999df2af8eb42d56 -> 
  custom:framework-win-MediaFoundation: 216162199b28c13a410421893ffa2e32 -> 
  custom:container-demuxer-ogg: 62fdf1f143b41e24485cea50d1cbac27 -> 
  custom:video-decoder-webm-vp8: 9c59270c3fd7afecdb556c50c9e8de78 -> 
  custom:audio-decoder-ogg-vorbis: bf7c407c2cedff20999df2af8eb42d56 -> 
========================================================================
Received Import Request.
  Time since last request: 48.312124 seconds.
  path: Assets/ScriptableObjects
  artifactKey: Guid(5d87612ad15561a4695374bd22ad30d6) Importer(815301076,1909f56bfc062723c751e8b465ee728b)
Start importing Assets/ScriptableObjects using Guid(5d87612ad15561a4695374bd22ad30d6) Importer(815301076,1909f56bfc062723c751e8b465ee728b)  -> (artifact id: 'd3c8cee9c4215aad77b4397d16247617') in 0.015608 seconds 
========================================================================
Received Prepare
Registering precompiled user dll's ...
Registered in 0.007003 seconds.
Begin MonoManager ReloadAssembly
Symbol file LoadedFromMemory doesn't match image F:\Unity Project\KidnapThePrincess\Library\PackageCache\com.unity.visualscripting@1.7.8\Editor\VisualScripting.Core\Dependencies\YamlDotNet\Unity.VisualScripting.YamlDotNet.dll
Symbol file LoadedFromMemory doesn't match image F:\Unity Project\KidnapThePrincess\Library\PackageCache\com.unity.visualscripting@1.7.8\Editor\VisualScripting.Core\Dependencies\DotNetZip\Unity.VisualScripting.IonicZip.dll
Native extension for WindowsStandalone target not found
Refreshing native plugins compatible for Editor in 1.62 ms, found 4 plugins.
Preloading 0 native plugins for Editor in 0.00 ms.
Mono: successfully reloaded assembly
- Completed reload, in  1.477 seconds
Domain Reload Profiling:
	ReloadAssembly (1478ms)
		BeginReloadAssembly (171ms)
			ExecutionOrderSort (0ms)
			DisableScriptedObjects (9ms)
			BackupInstance (0ms)
			ReleaseScriptingObjects (0ms)
			CreateAndSetChildDomain (51ms)
		EndReloadAssembly (1176ms)
			LoadAssemblies (132ms)
			RebuildTransferFunctionScriptingTraits (0ms)
			SetupTypeCache (401ms)
			ReleaseScriptCaches (2ms)
			RebuildScriptCaches (86ms)
			SetupLoadedEditorAssemblies (509ms)
				LogAssemblyErrors (0ms)
				InitializePlatformSupportModulesInManaged (21ms)
				SetLoadedEditorAssemblies (1ms)
				RefreshPlugins (2ms)
				BeforeProcessingInitializeOnLoad (142ms)
				ProcessInitializeOnLoadAttributes (288ms)
				ProcessInitializeOnLoadMethodAttributes (52ms)
				AfterProcessingInitializeOnLoad (3ms)
				EditorAssembliesLoaded (0ms)
			ExecutionOrderSort2 (0ms)
			AwakeInstancesAfterBackupRestoration (10ms)
Platform modules already initialized, skipping
Refreshing native plugins compatible for Editor in 3.69 ms, found 4 plugins.
Preloading 0 native plugins for Editor in 0.00 ms.
Unloading 4374 Unused Serialized files (Serialized files now loaded: 0)
Unloading 33 unused Assets / (262.1 KB). Loaded Objects now: 4949.
Memory consumption went from 177.7 MB to 177.4 MB.
Total: 5.148600 ms (FindLiveObjects: 0.538000 ms CreateObjectMapping: 0.476700 ms MarkObjects: 3.803000 ms  DeleteObjects: 0.329500 ms)

AssetImportParameters requested are different than current active one (requested -> active):
  custom:video-decoder-ogg-theora: a1e56fd34408186e4bbccfd4996cb3dc -> 
  custom:container-muxer-webm: aa71ff27fc2769a1b78a27578f13a17b -> 
  custom:container-demuxer-webm: 4f35f7cbe854078d1ac9338744f61a02 -> 
  custom:video-encoder-webm-vp8: eb34c28f22e8b96e1ab97ce403110664 -> 
  custom:video-codec-MediaFoundation-h265: 746d11721c4dcdbdad8f713fa42b33f4 -> 
  custom:audio-encoder-webm-vorbis: bf7c407c2cedff20999df2af8eb42d56 -> 
  custom:framework-win-MediaFoundation: 216162199b28c13a410421893ffa2e32 -> 
  custom:container-demuxer-ogg: 62fdf1f143b41e24485cea50d1cbac27 -> 
  custom:video-decoder-webm-vp8: 9c59270c3fd7afecdb556c50c9e8de78 -> 
  custom:audio-decoder-ogg-vorbis: bf7c407c2cedff20999df2af8eb42d56 -> 
========================================================================
Received Import Request.
  Time since last request: 51.587019 seconds.
  path: Assets/Scripts/StatusEffectScripts/StatusEffectHandler.cs
  artifactKey: Guid(73fd329cc07052642b77c804fd8baab4) Importer(815301076,1909f56bfc062723c751e8b465ee728b)
Start importing Assets/Scripts/StatusEffectScripts/StatusEffectHandler.cs using Guid(73fd329cc07052642b77c804fd8baab4) Importer(815301076,1909f56bfc062723c751e8b465ee728b)  -> (artifact id: '3b9ca0a5d4e6991040957f9cef9ae3fd') in 0.018487 seconds 
========================================================================
Received Import Request.
  Time since last request: 11.149342 seconds.
  path: Assets/_Downloads/AstarPathfindingProject/Editor/EditorAssets/images/ArrowDown.png
  artifactKey: Guid(12ea2fbedc5cc4bd191d795f44b2de75) Importer(815301076,1909f56bfc062723c751e8b465ee728b)
Start importing Assets/_Downloads/AstarPathfindingProject/Editor/EditorAssets/images/ArrowDown.png using Guid(12ea2fbedc5cc4bd191d795f44b2de75) Importer(815301076,1909f56bfc062723c751e8b465ee728b)  -> (artifact id: 'f8f93a524e0fa23633bafef5bbcbfd1e') in 0.477523 seconds 
========================================================================
Received Import Request.
  Time since last request: 0.000020 seconds.
  path: Assets/_Downloads/AstarPathfindingProject/Editor/EditorAssets/images/ArrowUp.png
  artifactKey: Guid(b1722c752c8754c5281b2efd6cf8477c) Importer(815301076,1909f56bfc062723c751e8b465ee728b)
Start importing Assets/_Downloads/AstarPathfindingProject/Editor/EditorAssets/images/ArrowUp.png using Guid(b1722c752c8754c5281b2efd6cf8477c) Importer(815301076,1909f56bfc062723c751e8b465ee728b)  -> (artifact id: 'c7bba641976af6d35fad5ba007c68579') in 0.082442 seconds 
========================================================================
Received Import Request.
  Time since last request: 0.000041 seconds.
  path: Assets/_Downloads/AstarPathfindingProject/Editor/EditorAssets/images/ArrowUp_on.png
  artifactKey: Guid(4c914fdaf554243fe9fb26afc323caef) Importer(815301076,1909f56bfc062723c751e8b465ee728b)
Start importing Assets/_Downloads/AstarPathfindingProject/Editor/EditorAssets/images/ArrowUp_on.png using Guid(4c914fdaf554243fe9fb26afc323caef) Importer(815301076,1909f56bfc062723c751e8b465ee728b)  -> (artifact id: '45c695ea5dd45a8991fa2a34d75d22c8') in 0.036358 seconds 
========================================================================
Received Import Request.
  Time since last request: 1.043428 seconds.
  path: Assets/_Downloads/AstarPathfindingProject/Editor/EditorAssets/LightSkin/deleteButton@1x.png
  artifactKey: Guid(3240f334343ca4dee8239c16d2de57c6) Importer(815301076,1909f56bfc062723c751e8b465ee728b)
Start importing Assets/_Downloads/AstarPathfindingProject/Editor/EditorAssets/LightSkin/deleteButton@1x.png using Guid(3240f334343ca4dee8239c16d2de57c6) Importer(815301076,1909f56bfc062723c751e8b465ee728b)  -> (artifact id: '8ca50ee5c626cb6b225ad7cd7158047b') in 0.025967 seconds 
========================================================================
Received Import Request.
  Time since last request: 0.000027 seconds.
  path: Assets/_Downloads/AstarPathfindingProject/Editor/EditorAssets/LightSkin/deleteButton@2x.png
  artifactKey: Guid(6444e8eb74e6f40e0a966d1e26744d08) Importer(815301076,1909f56bfc062723c751e8b465ee728b)
Start importing Assets/_Downloads/AstarPathfindingProject/Editor/EditorAssets/LightSkin/deleteButton@2x.png using Guid(6444e8eb74e6f40e0a966d1e26744d08) Importer(815301076,1909f56bfc062723c751e8b465ee728b)  -> (artifact id: 'cba2119c246b6f0c9c0af0c7eba95ead') in 0.062255 seconds 
========================================================================
Received Import Request.
  Time since last request: 0.000020 seconds.
  path: Assets/_Downloads/AstarPathfindingProject/Editor/EditorAssets/LightSkin/deleteButton_active@1x.png
  artifactKey: Guid(c051ffc737cd54d909137d2937e82930) Importer(815301076,1909f56bfc062723c751e8b465ee728b)
Start importing Assets/_Downloads/AstarPathfindingProject/Editor/EditorAssets/LightSkin/deleteButton_active@1x.png using Guid(c051ffc737cd54d909137d2937e82930) Importer(815301076,1909f56bfc062723c751e8b465ee728b)  -> (artifact id: 'c57b7f6f4815346ff9a379186de82351') in 0.100501 seconds 
========================================================================
Received Import Request.
  Time since last request: 0.712958 seconds.
  path: Assets/_Downloads/AstarPathfindingProject/Editor/EditorAssets/LightSkin/deleteButton_active@2x.png
  artifactKey: Guid(19e49615b2c8540fd8a11acd2a26c335) Importer(815301076,1909f56bfc062723c751e8b465ee728b)
Start importing Assets/_Downloads/AstarPathfindingProject/Editor/EditorAssets/LightSkin/deleteButton_active@2x.png using Guid(19e49615b2c8540fd8a11acd2a26c335) Importer(815301076,1909f56bfc062723c751e8b465ee728b)  -> (artifact id: '2c4b58dc72a8422f48dde38aa103aebe') in 0.055513 seconds 
========================================================================
Received Import Request.
  Time since last request: 0.000033 seconds.
  path: Assets/_Downloads/AstarPathfindingProject/Editor/EditorAssets/DarkSkin/editButton@2x.png
  artifactKey: Guid(e8ebb72a41d314b288545fddfd20cafd) Importer(815301076,1909f56bfc062723c751e8b465ee728b)
Start importing Assets/_Downloads/AstarPathfindingProject/Editor/EditorAssets/DarkSkin/editButton@2x.png using Guid(e8ebb72a41d314b288545fddfd20cafd) Importer(815301076,1909f56bfc062723c751e8b465ee728b)  -> (artifact id: '3f6687b6aab911c0f0a00e58c95e3d34') in 0.054942 seconds 
========================================================================
Received Import Request.
  Time since last request: 0.000032 seconds.
  path: Assets/_Downloads/AstarPathfindingProject/Editor/EditorAssets/LightSkin/editButton_active@1x.png
  artifactKey: Guid(3354fe2e1951d420fa49d8f4fec2954b) Importer(815301076,1909f56bfc062723c751e8b465ee728b)
Start importing Assets/_Downloads/AstarPathfindingProject/Editor/EditorAssets/LightSkin/editButton_active@1x.png using Guid(3354fe2e1951d420fa49d8f4fec2954b) Importer(815301076,1909f56bfc062723c751e8b465ee728b)  -> (artifact id: 'afacc34e5dfd5287d4077aee58e4e204') in 0.029461 seconds 
========================================================================
Received Import Request.
  Time since last request: 0.000024 seconds.
  path: Assets/_Downloads/AstarPathfindingProject/Editor/EditorAssets/LightSkin/editButton@1x.png
  artifactKey: Guid(71ef598858974450ead310c33f29d5d3) Importer(815301076,1909f56bfc062723c751e8b465ee728b)
Start importing Assets/_Downloads/AstarPathfindingProject/Editor/EditorAssets/LightSkin/editButton@1x.png using Guid(71ef598858974450ead310c33f29d5d3) Importer(815301076,1909f56bfc062723c751e8b465ee728b)  -> (artifact id: '61c9396deff7c782d4a9497b2a7f2ebb') in 0.058010 seconds 
========================================================================
Received Import Request.
  Time since last request: 0.000038 seconds.
  path: Assets/_Downloads/AstarPathfindingProject/Editor/EditorAssets/LightSkin/editButton@2x.png
  artifactKey: Guid(7e276a83ed42e4e3584a50b6084eef8d) Importer(815301076,1909f56bfc062723c751e8b465ee728b)
Start importing Assets/_Downloads/AstarPathfindingProject/Editor/EditorAssets/LightSkin/editButton@2x.png using Guid(7e276a83ed42e4e3584a50b6084eef8d) Importer(815301076,1909f56bfc062723c751e8b465ee728b)  -> (artifact id: 'd63403acbab5953b03da3563f7cdb056') in 0.167088 seconds 
========================================================================
Received Import Request.
  Time since last request: 0.000025 seconds.
  path: Assets/_Downloads/AstarPathfindingProject/Editor/EditorAssets/LightSkin/gizmoButton_on@2x.png
  artifactKey: Guid(731ce0beec302410299a12fa1da2dc54) Importer(815301076,1909f56bfc062723c751e8b465ee728b)
Start importing Assets/_Downloads/AstarPathfindingProject/Editor/EditorAssets/LightSkin/gizmoButton_on@2x.png using Guid(731ce0beec302410299a12fa1da2dc54) Importer(815301076,1909f56bfc062723c751e8b465ee728b)  -> (artifact id: '3c367e16f2b85eb6c10e2c1ce77f4828') in 0.029071 seconds 
========================================================================
Received Import Request.
  Time since last request: 0.000034 seconds.
  path: Assets/_Downloads/AstarPathfindingProject/Editor/EditorAssets/DarkSkin/gridPivotSelect.png
  artifactKey: Guid(11b8d44fcb3cf4c048a576df708e0ec6) Importer(815301076,1909f56bfc062723c751e8b465ee728b)
Start importing Assets/_Downloads/AstarPathfindingProject/Editor/EditorAssets/DarkSkin/gridPivotSelect.png using Guid(11b8d44fcb3cf4c048a576df708e0ec6) Importer(815301076,1909f56bfc062723c751e8b465ee728b)  -> (artifact id: '0908f92e9cfe0a467852d76d72c64469') in 0.035421 seconds 
========================================================================
Received Import Request.
  Time since last request: 0.000027 seconds.
  path: Assets/_Downloads/AstarPathfindingProject/Editor/EditorAssets/images/gridPivotSelect_On.png
  artifactKey: Guid(3d11311e97436432e897a4bd0b5fbfac) Importer(815301076,1909f56bfc062723c751e8b465ee728b)
Start importing Assets/_Downloads/AstarPathfindingProject/Editor/EditorAssets/images/gridPivotSelect_On.png using Guid(3d11311e97436432e897a4bd0b5fbfac) Importer(815301076,1909f56bfc062723c751e8b465ee728b)  -> (artifact id: '04e0ae302343570b4d09a7ada493ed5d') in 0.095143 seconds 
========================================================================
Received Import Request.
  Time since last request: 0.000041 seconds.
  path: Assets/_Downloads/AstarPathfindingProject/Editor/EditorAssets/DarkSkin/gizmoButton_on@2x.png
  artifactKey: Guid(a454b67ef7bd04780aca99e364202679) Importer(815301076,1909f56bfc062723c751e8b465ee728b)
Start importing Assets/_Downloads/AstarPathfindingProject/Editor/EditorAssets/DarkSkin/gizmoButton_on@2x.png using Guid(a454b67ef7bd04780aca99e364202679) Importer(815301076,1909f56bfc062723c751e8b465ee728b)  -> (artifact id: 'ab18b193443195d0ac866ccfc531a18f') in 0.027876 seconds 
========================================================================
Received Import Request.
  Time since last request: 0.000023 seconds.
  path: Assets/_Downloads/AstarPathfindingProject/Editor/EditorAssets/DarkSkin/images/gridPivotSelect_Normal.png
  artifactKey: Guid(37972c32346084c13bfddb8c3dbed143) Importer(815301076,1909f56bfc062723c751e8b465ee728b)
Start importing Assets/_Downloads/AstarPathfindingProject/Editor/EditorAssets/DarkSkin/images/gridPivotSelect_Normal.png using Guid(37972c32346084c13bfddb8c3dbed143) Importer(815301076,1909f56bfc062723c751e8b465ee728b)  -> (artifact id: 'fe37a6af58a38ea40c862ba46e5b6266') in 0.159040 seconds 
========================================================================
Received Import Request.
  Time since last request: 0.000041 seconds.
  path: Assets/_Downloads/AstarPathfindingProject/Editor/EditorAssets/images/gridPivotSelect.png
  artifactKey: Guid(b593db43606434498a7200f8281297d8) Importer(815301076,1909f56bfc062723c751e8b465ee728b)
Start importing Assets/_Downloads/AstarPathfindingProject/Editor/EditorAssets/images/gridPivotSelect.png using Guid(b593db43606434498a7200f8281297d8) Importer(815301076,1909f56bfc062723c751e8b465ee728b)  -> (artifact id: 'b5aad5ce0b48c4ee8a8d02f7cfb7a692') in 0.024399 seconds 
========================================================================
Received Import Request.
  Time since last request: 0.000089 seconds.
  path: Assets/_Downloads/AstarPathfindingProject/Editor/EditorAssets/DarkSkin/hex_diameter@1x.png
  artifactKey: Guid(aec40eb6c450c4bdea484100ff9fb9a4) Importer(815301076,1909f56bfc062723c751e8b465ee728b)
Start importing Assets/_Downloads/AstarPathfindingProject/Editor/EditorAssets/DarkSkin/hex_diameter@1x.png using Guid(aec40eb6c450c4bdea484100ff9fb9a4) Importer(815301076,1909f56bfc062723c751e8b465ee728b)  -> (artifact id: 'a6f526c9c86d2024520af4379a608d75') in 0.062007 seconds 
========================================================================
Received Import Request.
  Time since last request: 0.000040 seconds.
  path: Assets/_Downloads/AstarPathfindingProject/ExampleScenes/Materials/Textures/Falloff-Reflected.psd
  artifactKey: Guid(5d4852a517f1f496ebca302bd37b988a) Importer(815301076,1909f56bfc062723c751e8b465ee728b)
Start importing Assets/_Downloads/AstarPathfindingProject/ExampleScenes/Materials/Textures/Falloff-Reflected.psd using Guid(5d4852a517f1f496ebca302bd37b988a) Importer(815301076,1909f56bfc062723c751e8b465ee728b)  -> (artifact id: '5a3d597b00d8c7fdf1fb0dd85a716bf7') in 0.099174 seconds 
========================================================================
Received Import Request.
  Time since last request: 0.000031 seconds.
  path: Assets/_Downloads/AstarPathfindingProject/Editor/EditorAssets/LightSkin/editButton_active@2x.png
  artifactKey: Guid(f7ae6f90d33d043c684812513307ec16) Importer(815301076,1909f56bfc062723c751e8b465ee728b)
Start importing Assets/_Downloads/AstarPathfindingProject/Editor/EditorAssets/LightSkin/editButton_active@2x.png using Guid(f7ae6f90d33d043c684812513307ec16) Importer(815301076,1909f56bfc062723c751e8b465ee728b)  -> (artifact id: '12bb2ff79e0034d89e448b3776bbd361') in 0.059357 seconds 
========================================================================
Received Import Request.
  Time since last request: 0.000049 seconds.
  path: Assets/_Downloads/AstarPathfindingProject/Editor/EditorAssets/LightSkin/gizmoButton_on@1x.png
  artifactKey: Guid(455f4fe795672465c8a4e8db3c6b9ccb) Importer(815301076,1909f56bfc062723c751e8b465ee728b)
Start importing Assets/_Downloads/AstarPathfindingProject/Editor/EditorAssets/LightSkin/gizmoButton_on@1x.png using Guid(455f4fe795672465c8a4e8db3c6b9ccb) Importer(815301076,1909f56bfc062723c751e8b465ee728b)  -> (artifact id: '96c8950eb13e8336d829dfb5b1e34743') in 0.028582 seconds 
========================================================================
Received Import Request.
  Time since last request: 0.000039 seconds.
  path: Assets/_Downloads/AstarPathfindingProject/Editor/EditorAssets/LightSkin/gizmoButton_off@2x.png
  artifactKey: Guid(deb2afb942c3b42fbba8823da7f05894) Importer(815301076,1909f56bfc062723c751e8b465ee728b)
Start importing Assets/_Downloads/AstarPathfindingProject/Editor/EditorAssets/LightSkin/gizmoButton_off@2x.png using Guid(deb2afb942c3b42fbba8823da7f05894) Importer(815301076,1909f56bfc062723c751e8b465ee728b)  -> (artifact id: '1a73ee815f63a5f14f6393049e2670b7') in 0.024850 seconds 
========================================================================
Received Import Request.
  Time since last request: 0.000034 seconds.
  path: Assets/_Downloads/AstarPathfindingProject/ExampleScenes/Materials/Textures/Falloff.psd
  artifactKey: Guid(6f8825d71b24a41f79429012e915aab5) Importer(815301076,1909f56bfc062723c751e8b465ee728b)
Start importing Assets/_Downloads/AstarPathfindingProject/ExampleScenes/Materials/Textures/Falloff.psd using Guid(6f8825d71b24a41f79429012e915aab5) Importer(815301076,1909f56bfc062723c751e8b465ee728b)  -> (artifact id: 'b591c717a27dd14e965c0594e19a09f3') in 0.027065 seconds 
========================================================================
Received Import Request.
  Time since last request: 1.496609 seconds.
  path: Assets/_Downloads/AstarPathfindingProject/Editor/EditorAssets/LightSkin/hex_width@1x.png
  artifactKey: Guid(c3f63c474ba404e88a6a16a074cced39) Importer(815301076,1909f56bfc062723c751e8b465ee728b)
Start importing Assets/_Downloads/AstarPathfindingProject/Editor/EditorAssets/LightSkin/hex_width@1x.png using Guid(c3f63c474ba404e88a6a16a074cced39) Importer(815301076,1909f56bfc062723c751e8b465ee728b)  -> (artifact id: 'b46e363e336a969a83be0cfb51ea4d13') in 0.037369 seconds 
========================================================================
Received Import Request.
  Time since last request: 0.000045 seconds.
  path: Assets/_Downloads/AstarPathfindingProject/Editor/EditorAssets/DarkSkin/infoButton@1x.png
  artifactKey: Guid(1986ec06d68774254928f44b896a3913) Importer(815301076,1909f56bfc062723c751e8b465ee728b)
Start importing Assets/_Downloads/AstarPathfindingProject/Editor/EditorAssets/DarkSkin/infoButton@1x.png using Guid(1986ec06d68774254928f44b896a3913) Importer(815301076,1909f56bfc062723c751e8b465ee728b)  -> (artifact id: 'ecc0e256c1c05d65c9428678383f7576') in 0.056174 seconds 
========================================================================
Received Import Request.
  Time since last request: 0.000034 seconds.
  path: Assets/_Downloads/AstarPathfindingProject/Editor/EditorAssets/LightSkin/infoButton@1x.png
  artifactKey: Guid(efb7b60811b9a4ec7b92ecfcaa9bcd0d) Importer(815301076,1909f56bfc062723c751e8b465ee728b)
Start importing Assets/_Downloads/AstarPathfindingProject/Editor/EditorAssets/LightSkin/infoButton@1x.png using Guid(efb7b60811b9a4ec7b92ecfcaa9bcd0d) Importer(815301076,1909f56bfc062723c751e8b465ee728b)  -> (artifact id: '251c421c2f3acb4ea842c7cb3b067320') in 0.024835 seconds 
========================================================================
Received Import Request.
  Time since last request: 0.460226 seconds.
  path: Assets/_Downloads/AstarPathfindingProject/Editor/EditorAssets/LightSkin/infoButton@2x.png
  artifactKey: Guid(7ef0e648811f14f65b69c2df3f27de11) Importer(815301076,1909f56bfc062723c751e8b465ee728b)
Start importing Assets/_Downloads/AstarPathfindingProject/Editor/EditorAssets/LightSkin/infoButton@2x.png using Guid(7ef0e648811f14f65b69c2df3f27de11) Importer(815301076,1909f56bfc062723c751e8b465ee728b)  -> (artifact id: 'cba88d6aa4e67d7f34e0d00347887249') in 0.362084 seconds 
========================================================================
Received Import Request.
  Time since last request: 0.000056 seconds.
  path: Assets/_Downloads/AstarPathfindingProject/Editor/EditorAssets/DarkSkin/infoButton_active@2x.png
  artifactKey: Guid(9b266e42522c048f6b62832985be51ed) Importer(815301076,1909f56bfc062723c751e8b465ee728b)
Start importing Assets/_Downloads/AstarPathfindingProject/Editor/EditorAssets/DarkSkin/infoButton_active@2x.png using Guid(9b266e42522c048f6b62832985be51ed) Importer(815301076,1909f56bfc062723c751e8b465ee728b)  -> (artifact id: '8793cd324011e3b797e3c33eb37592f0') in 0.491656 seconds 
========================================================================
Received Import Request.
  Time since last request: 0.000076 seconds.
  path: Assets/_Downloads/AstarPathfindingProject/Editor/EditorAssets/LightSkin/infoButton_active@1x.png
  artifactKey: Guid(7604699b5bc8f4343b03cc4d0b603403) Importer(815301076,1909f56bfc062723c751e8b465ee728b)
Start importing Assets/_Downloads/AstarPathfindingProject/Editor/EditorAssets/LightSkin/infoButton_active@1x.png using Guid(7604699b5bc8f4343b03cc4d0b603403) Importer(815301076,1909f56bfc062723c751e8b465ee728b)  -> (artifact id: 'f1c325cbc94606602ad586ceb527080a') in 0.027241 seconds 
========================================================================
Received Import Request.
  Time since last request: 0.000031 seconds.
  path: Assets/_Downloads/AstarPathfindingProject/Editor/EditorAssets/LightSkin/infoButton_active@2x.png
  artifactKey: Guid(8acb97c3fcc694bf3b7d33b1ff321337) Importer(815301076,1909f56bfc062723c751e8b465ee728b)
Start importing Assets/_Downloads/AstarPathfindingProject/Editor/EditorAssets/LightSkin/infoButton_active@2x.png using Guid(8acb97c3fcc694bf3b7d33b1ff321337) Importer(815301076,1909f56bfc062723c751e8b465ee728b)  -> (artifact id: 'b24f418365af814298a0cdd3589b400e') in 0.029428 seconds 
========================================================================
Received Import Request.
  Time since last request: 3.891209 seconds.
  path: Assets/_Downloads/AstarPathfindingProject/Editor/EditorAssets/pixelBox.png
  artifactKey: Guid(bdec0523f27864115b7b727c8f5d90e2) Importer(815301076,1909f56bfc062723c751e8b465ee728b)
Start importing Assets/_Downloads/AstarPathfindingProject/Editor/EditorAssets/pixelBox.png using Guid(bdec0523f27864115b7b727c8f5d90e2) Importer(815301076,1909f56bfc062723c751e8b465ee728b)  -> (artifact id: '073ffeea01d8a7172610fc5d38761c2b') in 0.088274 seconds 
========================================================================
Received Import Request.
  Time since last request: 0.000065 seconds.
  path: Assets/_Downloads/AstarPathfindingProject/Editor/EditorAssets/pixelBox3_separator.png
  artifactKey: Guid(e101da2dcb7a14fa2aed1a65c384a99b) Importer(815301076,1909f56bfc062723c751e8b465ee728b)
Start importing Assets/_Downloads/AstarPathfindingProject/Editor/EditorAssets/pixelBox3_separator.png using Guid(e101da2dcb7a14fa2aed1a65c384a99b) Importer(815301076,1909f56bfc062723c751e8b465ee728b)  -> (artifact id: '841ef20513472e97545de2785bafb3eb') in 0.058574 seconds 
========================================================================
Received Import Request.
  Time since last request: 0.000094 seconds.
  path: Assets/_Downloads/AstarPathfindingProject/Editor/EditorAssets/LightSkin/pixelBox3@1x.png
  artifactKey: Guid(86cd0618b10f3494c831ac9215649110) Importer(815301076,1909f56bfc062723c751e8b465ee728b)
Start importing Assets/_Downloads/AstarPathfindingProject/Editor/EditorAssets/LightSkin/pixelBox3@1x.png using Guid(86cd0618b10f3494c831ac9215649110) Importer(815301076,1909f56bfc062723c751e8b465ee728b)  -> (artifact id: '762b45ccf3d23fd684294932169936ff') in 0.024923 seconds 
========================================================================
Received Import Request.
  Time since last request: 0.000045 seconds.
  path: Assets/_Downloads/AstarPathfindingProject/Editor/EditorAssets/DarkSkin/pixelBox3@2x.png
  artifactKey: Guid(9043fef44c60647b7a763eb86f912ba1) Importer(815301076,1909f56bfc062723c751e8b465ee728b)
Start importing Assets/_Downloads/AstarPathfindingProject/Editor/EditorAssets/DarkSkin/pixelBox3@2x.png using Guid(9043fef44c60647b7a763eb86f912ba1) Importer(815301076,1909f56bfc062723c751e8b465ee728b)  -> (artifact id: '32ec126c953e50df4951005ad3068536') in 0.079733 seconds 
========================================================================
Received Import Request.
  Time since last request: 24.421267 seconds.
  path: Assets/_Downloads/AstarPathfindingProject/Editor/EditorAssets/linkButton_normal.png
  artifactKey: Guid(53ee29e7cbeb545bcb1ca238a2736fb8) Importer(815301076,1909f56bfc062723c751e8b465ee728b)
Start importing Assets/_Downloads/AstarPathfindingProject/Editor/EditorAssets/linkButton_normal.png using Guid(53ee29e7cbeb545bcb1ca238a2736fb8) Importer(815301076,1909f56bfc062723c751e8b465ee728b)  -> (artifact id: 'ff6831d7cb68836055232924592d9366') in 0.128885 seconds 
========================================================================
Received Import Request.
  Time since last request: 0.000041 seconds.
  path: Assets/_Downloads/AstarPathfindingProject/Editor/EditorAssets/LightSkin/lock_closed@1x.png
  artifactKey: Guid(5e0cd84e9d84642ac883c25ca8d667ac) Importer(815301076,1909f56bfc062723c751e8b465ee728b)
Start importing Assets/_Downloads/AstarPathfindingProject/Editor/EditorAssets/LightSkin/lock_closed@1x.png using Guid(5e0cd84e9d84642ac883c25ca8d667ac) Importer(815301076,1909f56bfc062723c751e8b465ee728b)  -> (artifact id: '8eca2d1905d3497b6b07857be0d220da') in 0.029144 seconds 
========================================================================
Received Import Request.
  Time since last request: 4.171479 seconds.
  path: Assets/_Downloads/AstarPathfindingProject/Editor/EditorAssets/DarkSkin/lock_closed@2x.png
  artifactKey: Guid(6c38830c1556942fcb6ce893085d1daa) Importer(815301076,1909f56bfc062723c751e8b465ee728b)
Start importing Assets/_Downloads/AstarPathfindingProject/Editor/EditorAssets/DarkSkin/lock_closed@2x.png using Guid(6c38830c1556942fcb6ce893085d1daa) Importer(815301076,1909f56bfc062723c751e8b465ee728b)  -> (artifact id: 'ee766116dfdd2986821511ec3a9d73ff') in 0.105104 seconds 
========================================================================
Received Import Request.
  Time since last request: 1.267701 seconds.
  path: Assets/_Downloads/AstarPathfindingProject/Editor/EditorAssets/DarkSkin/lock_open@1x.png
  artifactKey: Guid(c43744025f7024e20b5fe880600d19a7) Importer(815301076,1909f56bfc062723c751e8b465ee728b)
Start importing Assets/_Downloads/AstarPathfindingProject/Editor/EditorAssets/DarkSkin/lock_open@1x.png using Guid(c43744025f7024e20b5fe880600d19a7) Importer(815301076,1909f56bfc062723c751e8b465ee728b)  -> (artifact id: 'fd35aae9eac7477ee44cffb3b9ed6d46') in 0.046850 seconds 
========================================================================
Received Import Request.
  Time since last request: 0.030953 seconds.
  path: Assets/_Downloads/AstarPathfindingProject/Editor/EditorAssets/LightSkin/lock_open@2x.png
  artifactKey: Guid(d04d4a88875f842c88825d3d5b2b529c) Importer(815301076,1909f56bfc062723c751e8b465ee728b)
Start importing Assets/_Downloads/AstarPathfindingProject/Editor/EditorAssets/LightSkin/lock_open@2x.png using Guid(d04d4a88875f842c88825d3d5b2b529c) Importer(815301076,1909f56bfc062723c751e8b465ee728b)  -> (artifact id: 'feb984a4a20da6a4f7f29dea73f7a39d') in 0.027993 seconds 
========================================================================
Received Import Request.
  Time since last request: 0.000036 seconds.
  path: Assets/_Downloads/AstarPathfindingProject/ExampleScenes/Prefabs/MineBot/Materials/Minebot_NRM.tif
  artifactKey: Guid(7cec4fc9f20c5e145941cf016d68ff64) Importer(815301076,1909f56bfc062723c751e8b465ee728b)
Start importing Assets/_Downloads/AstarPathfindingProject/ExampleScenes/Prefabs/MineBot/Materials/Minebot_NRM.tif using Guid(7cec4fc9f20c5e145941cf016d68ff64) Importer(815301076,1909f56bfc062723c751e8b465ee728b)  -> (artifact id: 'c3d098f255d490e22afbdc9a5cab9cf5') in 0.178584 seconds 
========================================================================
Received Import Request.
  Time since last request: 5.964001 seconds.
  path: Assets/_Downloads/AstarPathfindingProject/Editor/EditorAssets/LightSkin/reset_normal.png
  artifactKey: Guid(fb3e1d793e4f0459f8b913d0d2d76e6c) Importer(815301076,1909f56bfc062723c751e8b465ee728b)
Start importing Assets/_Downloads/AstarPathfindingProject/Editor/EditorAssets/LightSkin/reset_normal.png using Guid(fb3e1d793e4f0459f8b913d0d2d76e6c) Importer(815301076,1909f56bfc062723c751e8b465ee728b)  -> (artifact id: '02443f875d058081dceacdd4c542439f') in 0.030910 seconds 
========================================================================
Received Import Request.
  Time since last request: 0.000042 seconds.
  path: Assets/_Downloads/AstarPathfindingProject/Editor/EditorAssets/scene_box@1x.png
  artifactKey: Guid(a4bb5812f98bf40a68d9c1a69ad860cb) Importer(815301076,1909f56bfc062723c751e8b465ee728b)
Start importing Assets/_Downloads/AstarPathfindingProject/Editor/EditorAssets/scene_box@1x.png using Guid(a4bb5812f98bf40a68d9c1a69ad860cb) Importer(815301076,1909f56bfc062723c751e8b465ee728b)  -> (artifact id: '23496795e6ae414ee213035f8a3d0b4c') in 0.078415 seconds 
========================================================================
Received Import Request.
  Time since last request: 0.000030 seconds.
  path: Assets/_Downloads/AstarPathfindingProject/ExampleScenes/Materials/Textures/Shadow.psd
  artifactKey: Guid(741d7187968324981907bd5a897bb005) Importer(815301076,1909f56bfc062723c751e8b465ee728b)
Start importing Assets/_Downloads/AstarPathfindingProject/ExampleScenes/Materials/Textures/Shadow.psd using Guid(741d7187968324981907bd5a897bb005) Importer(815301076,1909f56bfc062723c751e8b465ee728b)  -> (artifact id: 'dd4d5f51de19a346363ca8891073a670') in 0.023281 seconds 
========================================================================
Received Import Request.
  Time since last request: 0.039934 seconds.
  path: Assets/_Downloads/AstarPathfindingProject/Editor/EditorAssets/images/upDownArrow_01.png
  artifactKey: Guid(e4a6b67ac365349d8b7c358676aaf022) Importer(815301076,1909f56bfc062723c751e8b465ee728b)
Start importing Assets/_Downloads/AstarPathfindingProject/Editor/EditorAssets/images/upDownArrow_01.png using Guid(e4a6b67ac365349d8b7c358676aaf022) Importer(815301076,1909f56bfc062723c751e8b465ee728b)  -> (artifact id: 'b12e87d720e03fc6adbd9cacfec3bdeb') in 0.047625 seconds 
========================================================================
Received Import Request.
  Time since last request: 0.000076 seconds.
  path: Assets/_Downloads/AstarPathfindingProject/Editor/EditorAssets/images/upDownButtons_02.png
  artifactKey: Guid(c7970d065c27b4d7c9ac2ff73b61733e) Importer(815301076,1909f56bfc062723c751e8b465ee728b)
Start importing Assets/_Downloads/AstarPathfindingProject/Editor/EditorAssets/images/upDownButtons_02.png using Guid(c7970d065c27b4d7c9ac2ff73b61733e) Importer(815301076,1909f56bfc062723c751e8b465ee728b)  -> (artifact id: '56cf7984ed4e364801e2b39c5b795217') in 0.036380 seconds 
========================================================================
Received Import Request.
  Time since last request: 49.936441 seconds.
  path: Assets/Scripts/StatusEffectScripts/StatusEffect.cs
  artifactKey: Guid(023c6622ced0fdf4c9a2ebb9dd1f0cf0) Importer(815301076,1909f56bfc062723c751e8b465ee728b)
Start importing Assets/Scripts/StatusEffectScripts/StatusEffect.cs using Guid(023c6622ced0fdf4c9a2ebb9dd1f0cf0) Importer(815301076,1909f56bfc062723c751e8b465ee728b)  -> (artifact id: 'fe2e35e79c4adede021381eb1b0458e3') in 0.002677 seconds 
========================================================================
Received Prepare
Registering precompiled user dll's ...
Registered in 0.006622 seconds.
Begin MonoManager ReloadAssembly
Symbol file LoadedFromMemory doesn't match image F:\Unity Project\KidnapThePrincess\Library\PackageCache\com.unity.visualscripting@1.7.8\Editor\VisualScripting.Core\Dependencies\YamlDotNet\Unity.VisualScripting.YamlDotNet.dll
Symbol file LoadedFromMemory doesn't match image F:\Unity Project\KidnapThePrincess\Library\PackageCache\com.unity.visualscripting@1.7.8\Editor\VisualScripting.Core\Dependencies\DotNetZip\Unity.VisualScripting.IonicZip.dll
Native extension for WindowsStandalone target not found
Refreshing native plugins compatible for Editor in 1.69 ms, found 4 plugins.
Preloading 0 native plugins for Editor in 0.00 ms.
Mono: successfully reloaded assembly
- Completed reload, in  1.345 seconds
Domain Reload Profiling:
	ReloadAssembly (1345ms)
		BeginReloadAssembly (178ms)
			ExecutionOrderSort (0ms)
			DisableScriptedObjects (8ms)
			BackupInstance (0ms)
			ReleaseScriptingObjects (0ms)
			CreateAndSetChildDomain (53ms)
		EndReloadAssembly (1050ms)
			LoadAssemblies (129ms)
			RebuildTransferFunctionScriptingTraits (0ms)
			SetupTypeCache (310ms)
			ReleaseScriptCaches (2ms)
			RebuildScriptCaches (79ms)
			SetupLoadedEditorAssemblies (483ms)
				LogAssemblyErrors (0ms)
				InitializePlatformSupportModulesInManaged (16ms)
				SetLoadedEditorAssemblies (1ms)
				RefreshPlugins (2ms)
				BeforeProcessingInitializeOnLoad (103ms)
				ProcessInitializeOnLoadAttributes (305ms)
				ProcessInitializeOnLoadMethodAttributes (51ms)
				AfterProcessingInitializeOnLoad (4ms)
				EditorAssembliesLoaded (0ms)
			ExecutionOrderSort2 (0ms)
			AwakeInstancesAfterBackupRestoration (11ms)
Platform modules already initialized, skipping
Refreshing native plugins compatible for Editor in 3.16 ms, found 4 plugins.
Preloading 0 native plugins for Editor in 0.00 ms.
Unloading 4374 Unused Serialized files (Serialized files now loaded: 0)
Unloading 33 unused Assets / (262.0 KB). Loaded Objects now: 4983.
Memory consumption went from 182.1 MB to 181.9 MB.
Total: 4.698300 ms (FindLiveObjects: 0.559200 ms CreateObjectMapping: 0.367400 ms MarkObjects: 3.559600 ms  DeleteObjects: 0.210900 ms)

AssetImportParameters requested are different than current active one (requested -> active):
  custom:video-decoder-ogg-theora: a1e56fd34408186e4bbccfd4996cb3dc -> 
  custom:container-muxer-webm: aa71ff27fc2769a1b78a27578f13a17b -> 
  custom:container-demuxer-webm: 4f35f7cbe854078d1ac9338744f61a02 -> 
  custom:video-encoder-webm-vp8: eb34c28f22e8b96e1ab97ce403110664 -> 
  custom:video-codec-MediaFoundation-h265: 746d11721c4dcdbdad8f713fa42b33f4 -> 
  custom:audio-encoder-webm-vorbis: bf7c407c2cedff20999df2af8eb42d56 -> 
  custom:framework-win-MediaFoundation: 216162199b28c13a410421893ffa2e32 -> 
  custom:container-demuxer-ogg: 62fdf1f143b41e24485cea50d1cbac27 -> 
  custom:video-decoder-webm-vp8: 9c59270c3fd7afecdb556c50c9e8de78 -> 
  custom:audio-decoder-ogg-vorbis: bf7c407c2cedff20999df2af8eb42d56 -> 
========================================================================
Received Prepare
Registering precompiled user dll's ...
Registered in 0.007056 seconds.
Begin MonoManager ReloadAssembly
Symbol file LoadedFromMemory doesn't match image F:\Unity Project\KidnapThePrincess\Library\PackageCache\com.unity.visualscripting@1.7.8\Editor\VisualScripting.Core\Dependencies\YamlDotNet\Unity.VisualScripting.YamlDotNet.dll
Symbol file LoadedFromMemory doesn't match image F:\Unity Project\KidnapThePrincess\Library\PackageCache\com.unity.visualscripting@1.7.8\Editor\VisualScripting.Core\Dependencies\DotNetZip\Unity.VisualScripting.IonicZip.dll
Native extension for WindowsStandalone target not found
Refreshing native plugins compatible for Editor in 1.49 ms, found 4 plugins.
Preloading 0 native plugins for Editor in 0.00 ms.
Mono: successfully reloaded assembly
- Completed reload, in  1.418 seconds
Domain Reload Profiling:
	ReloadAssembly (1419ms)
		BeginReloadAssembly (159ms)
			ExecutionOrderSort (0ms)
			DisableScriptedObjects (10ms)
			BackupInstance (0ms)
			ReleaseScriptingObjects (0ms)
			CreateAndSetChildDomain (47ms)
		EndReloadAssembly (1144ms)
			LoadAssemblies (117ms)
			RebuildTransferFunctionScriptingTraits (0ms)
			SetupTypeCache (327ms)
			ReleaseScriptCaches (2ms)
			RebuildScriptCaches (69ms)
			SetupLoadedEditorAssemblies (556ms)
				LogAssemblyErrors (0ms)
				InitializePlatformSupportModulesInManaged (15ms)
				SetLoadedEditorAssemblies (1ms)
				RefreshPlugins (2ms)
				BeforeProcessingInitializeOnLoad (117ms)
				ProcessInitializeOnLoadAttributes (357ms)
				ProcessInitializeOnLoadMethodAttributes (60ms)
				AfterProcessingInitializeOnLoad (4ms)
				EditorAssembliesLoaded (0ms)
			ExecutionOrderSort2 (0ms)
			AwakeInstancesAfterBackupRestoration (13ms)
Platform modules already initialized, skipping
Refreshing native plugins compatible for Editor in 3.12 ms, found 4 plugins.
Preloading 0 native plugins for Editor in 0.00 ms.
Unloading 4374 Unused Serialized files (Serialized files now loaded: 0)
Unloading 33 unused Assets / (262.2 KB). Loaded Objects now: 4998.
Memory consumption went from 182.1 MB to 181.9 MB.
Total: 5.793100 ms (FindLiveObjects: 0.706400 ms CreateObjectMapping: 0.465500 ms MarkObjects: 4.396100 ms  DeleteObjects: 0.224000 ms)

AssetImportParameters requested are different than current active one (requested -> active):
  custom:video-decoder-ogg-theora: a1e56fd34408186e4bbccfd4996cb3dc -> 
  custom:container-muxer-webm: aa71ff27fc2769a1b78a27578f13a17b -> 
  custom:container-demuxer-webm: 4f35f7cbe854078d1ac9338744f61a02 -> 
  custom:video-encoder-webm-vp8: eb34c28f22e8b96e1ab97ce403110664 -> 
  custom:video-codec-MediaFoundation-h265: 746d11721c4dcdbdad8f713fa42b33f4 -> 
  custom:audio-encoder-webm-vorbis: bf7c407c2cedff20999df2af8eb42d56 -> 
  custom:framework-win-MediaFoundation: 216162199b28c13a410421893ffa2e32 -> 
  custom:container-demuxer-ogg: 62fdf1f143b41e24485cea50d1cbac27 -> 
  custom:video-decoder-webm-vp8: 9c59270c3fd7afecdb556c50c9e8de78 -> 
  custom:audio-decoder-ogg-vorbis: bf7c407c2cedff20999df2af8eb42d56 -> 
========================================================================
Received Import Request.
  Time since last request: 29.331350 seconds.
  path: Assets/Scripts/StatusEffectScripts/StatusEffectHandler.cs
  artifactKey: Guid(73fd329cc07052642b77c804fd8baab4) Importer(815301076,1909f56bfc062723c751e8b465ee728b)
Start importing Assets/Scripts/StatusEffectScripts/StatusEffectHandler.cs using Guid(73fd329cc07052642b77c804fd8baab4) Importer(815301076,1909f56bfc062723c751e8b465ee728b)  -> (artifact id: 'eb3edd66be8ecf7c88d47890e2075054') in 0.011433 seconds 
========================================================================
Received Prepare
Registering precompiled user dll's ...
Registered in 0.009341 seconds.
Begin MonoManager ReloadAssembly
Symbol file LoadedFromMemory doesn't match image F:\Unity Project\KidnapThePrincess\Library\PackageCache\com.unity.visualscripting@1.7.8\Editor\VisualScripting.Core\Dependencies\YamlDotNet\Unity.VisualScripting.YamlDotNet.dll
Symbol file LoadedFromMemory doesn't match image F:\Unity Project\KidnapThePrincess\Library\PackageCache\com.unity.visualscripting@1.7.8\Editor\VisualScripting.Core\Dependencies\DotNetZip\Unity.VisualScripting.IonicZip.dll
Native extension for WindowsStandalone target not found
Refreshing native plugins compatible for Editor in 0.83 ms, found 4 plugins.
Preloading 0 native plugins for Editor in 0.00 ms.
Mono: successfully reloaded assembly
- Completed reload, in  1.324 seconds
Domain Reload Profiling:
	ReloadAssembly (1325ms)
		BeginReloadAssembly (175ms)
			ExecutionOrderSort (0ms)
			DisableScriptedObjects (9ms)
			BackupInstance (0ms)
			ReleaseScriptingObjects (0ms)
			CreateAndSetChildDomain (52ms)
		EndReloadAssembly (1031ms)
			LoadAssemblies (129ms)
			RebuildTransferFunctionScriptingTraits (0ms)
			SetupTypeCache (327ms)
			ReleaseScriptCaches (2ms)
			RebuildScriptCaches (65ms)
			SetupLoadedEditorAssemblies (453ms)
				LogAssemblyErrors (0ms)
				InitializePlatformSupportModulesInManaged (16ms)
				SetLoadedEditorAssemblies (1ms)
				RefreshPlugins (1ms)
				BeforeProcessingInitializeOnLoad (89ms)
				ProcessInitializeOnLoadAttributes (297ms)
				ProcessInitializeOnLoadMethodAttributes (47ms)
				AfterProcessingInitializeOnLoad (4ms)
				EditorAssembliesLoaded (0ms)
			ExecutionOrderSort2 (0ms)
			AwakeInstancesAfterBackupRestoration (12ms)
Platform modules already initialized, skipping
Refreshing native plugins compatible for Editor in 3.70 ms, found 4 plugins.
Preloading 0 native plugins for Editor in 0.00 ms.
Unloading 4374 Unused Serialized files (Serialized files now loaded: 0)
Unloading 33 unused Assets / (262.1 KB). Loaded Objects now: 5013.
Memory consumption went from 182.1 MB to 181.9 MB.
Total: 5.350500 ms (FindLiveObjects: 0.486300 ms CreateObjectMapping: 0.274900 ms MarkObjects: 4.277400 ms  DeleteObjects: 0.310700 ms)

AssetImportParameters requested are different than current active one (requested -> active):
  custom:video-decoder-ogg-theora: a1e56fd34408186e4bbccfd4996cb3dc -> 
  custom:container-muxer-webm: aa71ff27fc2769a1b78a27578f13a17b -> 
  custom:container-demuxer-webm: 4f35f7cbe854078d1ac9338744f61a02 -> 
  custom:video-encoder-webm-vp8: eb34c28f22e8b96e1ab97ce403110664 -> 
  custom:video-codec-MediaFoundation-h265: 746d11721c4dcdbdad8f713fa42b33f4 -> 
  custom:audio-encoder-webm-vorbis: bf7c407c2cedff20999df2af8eb42d56 -> 
  custom:framework-win-MediaFoundation: 216162199b28c13a410421893ffa2e32 -> 
  custom:container-demuxer-ogg: 62fdf1f143b41e24485cea50d1cbac27 -> 
  custom:video-decoder-webm-vp8: 9c59270c3fd7afecdb556c50c9e8de78 -> 
  custom:audio-decoder-ogg-vorbis: bf7c407c2cedff20999df2af8eb42d56 -> 
========================================================================
Received Prepare
Registering precompiled user dll's ...
Registered in 0.006600 seconds.
Begin MonoManager ReloadAssembly
Symbol file LoadedFromMemory doesn't match image F:\Unity Project\KidnapThePrincess\Library\PackageCache\com.unity.visualscripting@1.7.8\Editor\VisualScripting.Core\Dependencies\YamlDotNet\Unity.VisualScripting.YamlDotNet.dll
Symbol file LoadedFromMemory doesn't match image F:\Unity Project\KidnapThePrincess\Library\PackageCache\com.unity.visualscripting@1.7.8\Editor\VisualScripting.Core\Dependencies\DotNetZip\Unity.VisualScripting.IonicZip.dll
Native extension for WindowsStandalone target not found
Refreshing native plugins compatible for Editor in 1.18 ms, found 4 plugins.
Preloading 0 native plugins for Editor in 0.00 ms.
Mono: successfully reloaded assembly
- Completed reload, in  1.352 seconds
Domain Reload Profiling:
	ReloadAssembly (1353ms)
		BeginReloadAssembly (160ms)
			ExecutionOrderSort (0ms)
			DisableScriptedObjects (8ms)
			BackupInstance (0ms)
			ReleaseScriptingObjects (0ms)
			CreateAndSetChildDomain (44ms)
		EndReloadAssembly (1049ms)
			LoadAssemblies (123ms)
			RebuildTransferFunctionScriptingTraits (0ms)
			SetupTypeCache (340ms)
			ReleaseScriptCaches (2ms)
			RebuildScriptCaches (77ms)
			SetupLoadedEditorAssemblies (459ms)
				LogAssemblyErrors (0ms)
				InitializePlatformSupportModulesInManaged (13ms)
				SetLoadedEditorAssemblies (1ms)
				RefreshPlugins (1ms)
				BeforeProcessingInitializeOnLoad (98ms)
				ProcessInitializeOnLoadAttributes (294ms)
				ProcessInitializeOnLoadMethodAttributes (48ms)
				AfterProcessingInitializeOnLoad (4ms)
				EditorAssembliesLoaded (0ms)
			ExecutionOrderSort2 (0ms)
			AwakeInstancesAfterBackupRestoration (11ms)
Platform modules already initialized, skipping
Refreshing native plugins compatible for Editor in 2.43 ms, found 4 plugins.
Preloading 0 native plugins for Editor in 0.00 ms.
Unloading 4374 Unused Serialized files (Serialized files now loaded: 0)
Unloading 33 unused Assets / (262.2 KB). Loaded Objects now: 5028.
Memory consumption went from 182.2 MB to 181.9 MB.
Total: 4.393500 ms (FindLiveObjects: 0.359700 ms CreateObjectMapping: 0.278600 ms MarkObjects: 3.558300 ms  DeleteObjects: 0.196000 ms)

AssetImportParameters requested are different than current active one (requested -> active):
  custom:video-decoder-ogg-theora: a1e56fd34408186e4bbccfd4996cb3dc -> 
  custom:container-muxer-webm: aa71ff27fc2769a1b78a27578f13a17b -> 
  custom:container-demuxer-webm: 4f35f7cbe854078d1ac9338744f61a02 -> 
  custom:video-encoder-webm-vp8: eb34c28f22e8b96e1ab97ce403110664 -> 
  custom:video-codec-MediaFoundation-h265: 746d11721c4dcdbdad8f713fa42b33f4 -> 
  custom:audio-encoder-webm-vorbis: bf7c407c2cedff20999df2af8eb42d56 -> 
  custom:framework-win-MediaFoundation: 216162199b28c13a410421893ffa2e32 -> 
  custom:container-demuxer-ogg: 62fdf1f143b41e24485cea50d1cbac27 -> 
  custom:video-decoder-webm-vp8: 9c59270c3fd7afecdb556c50c9e8de78 -> 
  custom:audio-decoder-ogg-vorbis: bf7c407c2cedff20999df2af8eb42d56 -> 
