Using pre-set license
Built from '2021.3/staging' branch; Version is '2021.3.8f1 (b30333d56e81) revision 11731763'; Using compiler version '192829333'; Build Type 'Release'
OS: 'Windows 10  (10.0.19043) 64bit Professional' Language: 'en' Physical Memory: 8084 MB
BatchMode: 1, IsHumanControllingUs: 0, StartBugReporterOnCrash: 0, Is64bit: 1, IsPro: 1

COMMAND LINE ARGUMENTS:
F:\Unity\2021.3.8f1\Editor\Unity.exe
-adb2
-batchMode
-noUpm
-name
AssetImportWorker1
-projectPath
F:/Unity Project/KidnapThePrincess
-logFile
Logs/AssetImportWorker1.log
-srvPort
50395
Successfully changed project path to: F:/Unity Project/KidnapThePrincess
F:/Unity Project/KidnapThePrincess
[UnityMemory] Configuration Parameters - Can be set up in boot.config
    "memorysetup-bucket-allocator-granularity=16"
    "memorysetup-bucket-allocator-bucket-count=8"
    "memorysetup-bucket-allocator-block-size=33554432"
    "memorysetup-bucket-allocator-block-count=8"
    "memorysetup-main-allocator-block-size=16777216"
    "memorysetup-thread-allocator-block-size=16777216"
    "memorysetup-gfx-main-allocator-block-size=16777216"
    "memorysetup-gfx-thread-allocator-block-size=16777216"
    "memorysetup-cache-allocator-block-size=4194304"
    "memorysetup-typetree-allocator-block-size=2097152"
    "memorysetup-profiler-bucket-allocator-granularity=16"
    "memorysetup-profiler-bucket-allocator-bucket-count=8"
    "memorysetup-profiler-bucket-allocator-block-size=33554432"
    "memorysetup-profiler-bucket-allocator-block-count=8"
    "memorysetup-profiler-allocator-block-size=16777216"
    "memorysetup-profiler-editor-allocator-block-size=1048576"
    "memorysetup-temp-allocator-size-main=16777216"
    "memorysetup-job-temp-allocator-block-size=2097152"
    "memorysetup-job-temp-allocator-block-size-background=1048576"
    "memorysetup-job-temp-allocator-reduction-small-platforms=262144"
    "memorysetup-temp-allocator-size-background-worker=32768"
    "memorysetup-temp-allocator-size-job-worker=262144"
    "memorysetup-temp-allocator-size-preload-manager=33554432"
    "memorysetup-temp-allocator-size-nav-mesh-worker=65536"
    "memorysetup-temp-allocator-size-audio-worker=65536"
    "memorysetup-temp-allocator-size-cloud-worker=32768"
    "memorysetup-temp-allocator-size-gi-baking-worker=262144"
    "memorysetup-temp-allocator-size-gfx=262144"
Refreshing native plugins compatible for Editor in 124.36 ms, found 4 plugins.
Preloading 0 native plugins for Editor in 0.00 ms.
Initialize engine version: 2021.3.8f1 (b30333d56e81)
[Subsystems] Discovering subsystems at path F:/Unity/2021.3.8f1/Editor/Data/Resources/UnitySubsystems
[Subsystems] Discovering subsystems at path F:/Unity Project/KidnapThePrincess/Assets
GfxDevice: creating device client; threaded=0; jobified=0
Direct3D:
    Version:  Direct3D 11.0 [level 11.1]
    Renderer: NVIDIA GeForce GTX 1050 Ti (ID=0x1c8c)
    Vendor:   NVIDIA
    VRAM:     4021 MB
    Driver:   31.0.15.2230
Initialize mono
Mono path[0] = 'F:/Unity/2021.3.8f1/Editor/Data/Managed'
Mono path[1] = 'F:/Unity/2021.3.8f1/Editor/Data/MonoBleedingEdge/lib/mono/unityjit-win32'
Mono config path = 'F:/Unity/2021.3.8f1/Editor/Data/MonoBleedingEdge/etc'
Using monoOptions --debugger-agent=transport=dt_socket,embedding=1,server=y,suspend=n,address=127.0.0.1:56744
Begin MonoManager ReloadAssembly
Registering precompiled unity dll's ...
Register platform support module: F:/Unity/2021.3.8f1/Editor/Data/PlaybackEngines/WindowsStandaloneSupport/UnityEditor.WindowsStandalone.Extensions.dll
Registered in 0.003247 seconds.
Native extension for WindowsStandalone target not found
Refreshing native plugins compatible for Editor in 134.19 ms, found 4 plugins.
Preloading 0 native plugins for Editor in 0.00 ms.
Mono: successfully reloaded assembly
- Completed reload, in  0.801 seconds
Domain Reload Profiling:
	ReloadAssembly (802ms)
		BeginReloadAssembly (85ms)
			ExecutionOrderSort (0ms)
			DisableScriptedObjects (0ms)
			BackupInstance (0ms)
			ReleaseScriptingObjects (0ms)
			CreateAndSetChildDomain (1ms)
		EndReloadAssembly (595ms)
			LoadAssemblies (84ms)
			RebuildTransferFunctionScriptingTraits (0ms)
			SetupTypeCache (136ms)
			ReleaseScriptCaches (0ms)
			RebuildScriptCaches (40ms)
			SetupLoadedEditorAssemblies (361ms)
				LogAssemblyErrors (0ms)
				InitializePlatformSupportModulesInManaged (9ms)
				SetLoadedEditorAssemblies (0ms)
				RefreshPlugins (134ms)
				BeforeProcessingInitializeOnLoad (2ms)
				ProcessInitializeOnLoadAttributes (160ms)
				ProcessInitializeOnLoadMethodAttributes (56ms)
				AfterProcessingInitializeOnLoad (0ms)
				EditorAssembliesLoaded (0ms)
			ExecutionOrderSort2 (0ms)
			AwakeInstancesAfterBackupRestoration (0ms)
Platform modules already initialized, skipping
Registering precompiled user dll's ...
Registered in 0.006766 seconds.
Begin MonoManager ReloadAssembly
Symbol file LoadedFromMemory doesn't match image F:\Unity Project\KidnapThePrincess\Library\PackageCache\com.unity.visualscripting@1.7.8\Editor\VisualScripting.Core\Dependencies\YamlDotNet\Unity.VisualScripting.YamlDotNet.dll
Symbol file LoadedFromMemory doesn't match image F:\Unity Project\KidnapThePrincess\Library\PackageCache\com.unity.visualscripting@1.7.8\Editor\VisualScripting.Core\Dependencies\DotNetZip\Unity.VisualScripting.IonicZip.dll
Native extension for WindowsStandalone target not found
Refreshing native plugins compatible for Editor in 121.12 ms, found 4 plugins.
Preloading 0 native plugins for Editor in 0.00 ms.
Mono: successfully reloaded assembly
- Completed reload, in  1.417 seconds
Domain Reload Profiling:
	ReloadAssembly (1418ms)
		BeginReloadAssembly (126ms)
			ExecutionOrderSort (0ms)
			DisableScriptedObjects (7ms)
			BackupInstance (0ms)
			ReleaseScriptingObjects (0ms)
			CreateAndSetChildDomain (24ms)
		EndReloadAssembly (1163ms)
			LoadAssemblies (96ms)
			RebuildTransferFunctionScriptingTraits (0ms)
			SetupTypeCache (322ms)
			ReleaseScriptCaches (1ms)
			RebuildScriptCaches (84ms)
			SetupLoadedEditorAssemblies (606ms)
				LogAssemblyErrors (0ms)
				InitializePlatformSupportModulesInManaged (4ms)
				SetLoadedEditorAssemblies (0ms)
				RefreshPlugins (121ms)
				BeforeProcessingInitializeOnLoad (122ms)
				ProcessInitializeOnLoadAttributes (306ms)
				ProcessInitializeOnLoadMethodAttributes (50ms)
				AfterProcessingInitializeOnLoad (3ms)
				EditorAssembliesLoaded (0ms)
			ExecutionOrderSort2 (0ms)
			AwakeInstancesAfterBackupRestoration (7ms)
Platform modules already initialized, skipping
========================================================================
Worker process is ready to serve import requests
Launched and connected shader compiler UnityShaderCompiler.exe after 0.06 seconds
Refreshing native plugins compatible for Editor in 2.07 ms, found 4 plugins.
Preloading 0 native plugins for Editor in 0.00 ms.
Unloading 4397 Unused Serialized files (Serialized files now loaded: 0)
Unloading 58 unused Assets / (294.7 KB). Loaded Objects now: 4876.
Memory consumption went from 251.6 MB to 251.3 MB.
Total: 5.175100 ms (FindLiveObjects: 0.417300 ms CreateObjectMapping: 0.352700 ms MarkObjects: 4.012200 ms  DeleteObjects: 0.391600 ms)

AssetImportParameters requested are different than current active one (requested -> active):
  custom:video-decoder-ogg-theora: a1e56fd34408186e4bbccfd4996cb3dc -> 
  custom:container-muxer-webm: aa71ff27fc2769a1b78a27578f13a17b -> 
  custom:container-demuxer-webm: 4f35f7cbe854078d1ac9338744f61a02 -> 
  custom:video-encoder-webm-vp8: eb34c28f22e8b96e1ab97ce403110664 -> 
  custom:video-codec-MediaFoundation-h265: 746d11721c4dcdbdad8f713fa42b33f4 -> 
  custom:audio-encoder-webm-vorbis: bf7c407c2cedff20999df2af8eb42d56 -> 
  custom:framework-win-MediaFoundation: 216162199b28c13a410421893ffa2e32 -> 
  custom:container-demuxer-ogg: 62fdf1f143b41e24485cea50d1cbac27 -> 
  custom:video-decoder-webm-vp8: 9c59270c3fd7afecdb556c50c9e8de78 -> 
  custom:audio-decoder-ogg-vorbis: bf7c407c2cedff20999df2af8eb42d56 -> 
========================================================================
Received Import Request.
  Time since last request: 5999.585311 seconds.
  path: Assets/Scenes/TreeUV_texturedFacets_Roughness.png
  artifactKey: Guid(06ce211a00372ea4293d612d38eb6e06) Importer(815301076,1909f56bfc062723c751e8b465ee728b)
Start importing Assets/Scenes/TreeUV_texturedFacets_Roughness.png using Guid(06ce211a00372ea4293d612d38eb6e06) Importer(815301076,1909f56bfc062723c751e8b465ee728b)  -> (artifact id: '2344ddb8fdbb59113cbc9c60137e43c2') in 0.200012 seconds 
========================================================================
Received Import Request.
  Time since last request: 0.000017 seconds.
  path: Assets/Scenes/TreeUV_texturedFacets_BaseColor.png
  artifactKey: Guid(843b4af984f7d5840a9255329b6c33af) Importer(815301076,1909f56bfc062723c751e8b465ee728b)
Start importing Assets/Scenes/TreeUV_texturedFacets_BaseColor.png using Guid(843b4af984f7d5840a9255329b6c33af) Importer(815301076,1909f56bfc062723c751e8b465ee728b)  -> (artifact id: 'a754f3a1f6a2f29efa74616d54005d8d') in 0.013869 seconds 
========================================================================
Received Import Request.
  Time since last request: 277.966319 seconds.
  path: Assets/ThirdParty/AstarPathfindingProject/Editor/EditorAssets/Materials/Navmesh.mat
  artifactKey: Guid(5ce51318bbfb1466188b929a68a6bd3a) Importer(815301076,1909f56bfc062723c751e8b465ee728b)
Start importing Assets/ThirdParty/AstarPathfindingProject/Editor/EditorAssets/Materials/Navmesh.mat using Guid(5ce51318bbfb1466188b929a68a6bd3a) Importer(815301076,1909f56bfc062723c751e8b465ee728b)  -> (artifact id: '6a3c61e1c5f8c7647ab9d1acfe6305e0') in 0.094384 seconds 
========================================================================
Received Import Request.
  Time since last request: 726.337057 seconds.
  path: Assets/Prefabs/EnvironmentPrefabs/TilePrefabs/TileCircleDownLeft.prefab
  artifactKey: Guid(f173abcbe7d16564fa363b565a4f120b) Importer(815301076,1909f56bfc062723c751e8b465ee728b)
Start importing Assets/Prefabs/EnvironmentPrefabs/TilePrefabs/TileCircleDownLeft.prefab using Guid(f173abcbe7d16564fa363b565a4f120b) Importer(815301076,1909f56bfc062723c751e8b465ee728b)  -> (artifact id: '92ae70a8562d3dea9343e9cfdbfcdaf2') in 0.142478 seconds 
========================================================================
Received Import Request.
  Time since last request: 0.000043 seconds.
  path: Assets/Prefabs/EnvironmentPrefabs/TilePrefabs/TileCircleTopLeft.prefab
  artifactKey: Guid(ce4484d824a961f4da2dcd37293cd230) Importer(815301076,1909f56bfc062723c751e8b465ee728b)
Start importing Assets/Prefabs/EnvironmentPrefabs/TilePrefabs/TileCircleTopLeft.prefab using Guid(ce4484d824a961f4da2dcd37293cd230) Importer(815301076,1909f56bfc062723c751e8b465ee728b)  -> (artifact id: '3a159f0d8ac485706f4aa744bfe7072d') in 0.034920 seconds 
========================================================================
Received Import Request.
  Time since last request: 0.000175 seconds.
  path: Assets/Prefabs/EnvironmentPrefabs/TilePrefabs/TileRoadVertical.prefab
  artifactKey: Guid(1c1c82476bf6f8542bacb6137a3caf75) Importer(815301076,1909f56bfc062723c751e8b465ee728b)
Start importing Assets/Prefabs/EnvironmentPrefabs/TilePrefabs/TileRoadVertical.prefab using Guid(1c1c82476bf6f8542bacb6137a3caf75) Importer(815301076,1909f56bfc062723c751e8b465ee728b)  -> (artifact id: '23e4724f42f294ffe2a346216c57e42c') in 0.036441 seconds 
========================================================================
Received Prepare
Registering precompiled user dll's ...
Registered in 0.006903 seconds.
Begin MonoManager ReloadAssembly
Symbol file LoadedFromMemory doesn't match image F:\Unity Project\KidnapThePrincess\Library\PackageCache\com.unity.visualscripting@1.7.8\Editor\VisualScripting.Core\Dependencies\YamlDotNet\Unity.VisualScripting.YamlDotNet.dll
Symbol file LoadedFromMemory doesn't match image F:\Unity Project\KidnapThePrincess\Library\PackageCache\com.unity.visualscripting@1.7.8\Editor\VisualScripting.Core\Dependencies\DotNetZip\Unity.VisualScripting.IonicZip.dll
Native extension for WindowsStandalone target not found
Refreshing native plugins compatible for Editor in 0.98 ms, found 4 plugins.
Preloading 0 native plugins for Editor in 0.00 ms.
Mono: successfully reloaded assembly
- Completed reload, in  1.352 seconds
Domain Reload Profiling:
	ReloadAssembly (1352ms)
		BeginReloadAssembly (165ms)
			ExecutionOrderSort (0ms)
			DisableScriptedObjects (7ms)
			BackupInstance (0ms)
			ReleaseScriptingObjects (0ms)
			CreateAndSetChildDomain (49ms)
		EndReloadAssembly (1066ms)
			LoadAssemblies (113ms)
			RebuildTransferFunctionScriptingTraits (0ms)
			SetupTypeCache (338ms)
			ReleaseScriptCaches (2ms)
			RebuildScriptCaches (64ms)
			SetupLoadedEditorAssemblies (486ms)
				LogAssemblyErrors (0ms)
				InitializePlatformSupportModulesInManaged (13ms)
				SetLoadedEditorAssemblies (1ms)
				RefreshPlugins (1ms)
				BeforeProcessingInitializeOnLoad (94ms)
				ProcessInitializeOnLoadAttributes (314ms)
				ProcessInitializeOnLoadMethodAttributes (57ms)
				AfterProcessingInitializeOnLoad (6ms)
				EditorAssembliesLoaded (0ms)
			ExecutionOrderSort2 (0ms)
			AwakeInstancesAfterBackupRestoration (17ms)
Platform modules already initialized, skipping
Refreshing native plugins compatible for Editor in 4.75 ms, found 4 plugins.
Preloading 0 native plugins for Editor in 0.00 ms.
Unloading 4388 Unused Serialized files (Serialized files now loaded: 0)
Unloading 33 unused Assets / (263.3 KB). Loaded Objects now: 4933.
Memory consumption went from 255.7 MB to 255.5 MB.
Total: 6.433500 ms (FindLiveObjects: 0.796400 ms CreateObjectMapping: 0.529500 ms MarkObjects: 4.827800 ms  DeleteObjects: 0.278000 ms)

AssetImportParameters requested are different than current active one (requested -> active):
  custom:video-decoder-ogg-theora: a1e56fd34408186e4bbccfd4996cb3dc -> 
  custom:container-muxer-webm: aa71ff27fc2769a1b78a27578f13a17b -> 
  custom:container-demuxer-webm: 4f35f7cbe854078d1ac9338744f61a02 -> 
  custom:video-encoder-webm-vp8: eb34c28f22e8b96e1ab97ce403110664 -> 
  custom:video-codec-MediaFoundation-h265: 746d11721c4dcdbdad8f713fa42b33f4 -> 
  custom:audio-encoder-webm-vorbis: bf7c407c2cedff20999df2af8eb42d56 -> 
  custom:framework-win-MediaFoundation: 216162199b28c13a410421893ffa2e32 -> 
  custom:container-demuxer-ogg: 62fdf1f143b41e24485cea50d1cbac27 -> 
  custom:video-decoder-webm-vp8: 9c59270c3fd7afecdb556c50c9e8de78 -> 
  custom:audio-decoder-ogg-vorbis: bf7c407c2cedff20999df2af8eb42d56 -> 
========================================================================
Received Import Request.
  Time since last request: 285.474721 seconds.
  path: Assets/Textures/TileTextures/CircleRight_Color.png
  artifactKey: Guid(32b347efeaf117a4abf13f67478fd6f6) Importer(815301076,1909f56bfc062723c751e8b465ee728b)
Start importing Assets/Textures/TileTextures/CircleRight_Color.png using Guid(32b347efeaf117a4abf13f67478fd6f6) Importer(815301076,1909f56bfc062723c751e8b465ee728b)  -> (artifact id: '6556c1d016b8bc54e78a7cfb6c83d8ec') in 0.111346 seconds 
========================================================================
Received Import Request.
  Time since last request: 0.000108 seconds.
  path: Assets/Textures/TileTextures/CircleTopRight_Color.png
  artifactKey: Guid(d7dacd7c0af1c284e8ca658b2f65a915) Importer(815301076,1909f56bfc062723c751e8b465ee728b)
Start importing Assets/Textures/TileTextures/CircleTopRight_Color.png using Guid(d7dacd7c0af1c284e8ca658b2f65a915) Importer(815301076,1909f56bfc062723c751e8b465ee728b)  -> (artifact id: '44aa4f1ed30d8e2b56c98b23094d1b21') in 0.029168 seconds 
========================================================================
Received Import Request.
  Time since last request: 0.000035 seconds.
  path: Assets/Textures/TileTextures/TownTurf_Color.png
  artifactKey: Guid(e71099e41ccb78743b4a8f6e07ad6541) Importer(815301076,1909f56bfc062723c751e8b465ee728b)
Start importing Assets/Textures/TileTextures/TownTurf_Color.png using Guid(e71099e41ccb78743b4a8f6e07ad6541) Importer(815301076,1909f56bfc062723c751e8b465ee728b)  -> (artifact id: '29d855e6c81f6b396c1085ddc5bd156f') in 0.029829 seconds 
========================================================================
Received Import Request.
  Time since last request: 8.364787 seconds.
  path: Assets/Materials/LevelMaterials/TileMatarials/TileCircleLeft_Mat.mat
  artifactKey: Guid(8cc3b19bf43339a47a505c6a34f0442c) Importer(815301076,1909f56bfc062723c751e8b465ee728b)
Start importing Assets/Materials/LevelMaterials/TileMatarials/TileCircleLeft_Mat.mat using Guid(8cc3b19bf43339a47a505c6a34f0442c) Importer(815301076,1909f56bfc062723c751e8b465ee728b)  -> (artifact id: '523533c067efa0c2a466b1a4a4b9a538') in 0.104704 seconds 
========================================================================
Received Import Request.
  Time since last request: 0.000025 seconds.
  path: Assets/Materials/LevelMaterials/TileMatarials/TileCrossroadCenter_Mat.mat
  artifactKey: Guid(e846c7e154796b44f8eb67acd1d64a3f) Importer(815301076,1909f56bfc062723c751e8b465ee728b)
Start importing Assets/Materials/LevelMaterials/TileMatarials/TileCrossroadCenter_Mat.mat using Guid(e846c7e154796b44f8eb67acd1d64a3f) Importer(815301076,1909f56bfc062723c751e8b465ee728b)  -> (artifact id: '25a9702dfed267fc1aa154d91c3b6d33') in 0.424501 seconds 
========================================================================
Received Import Request.
  Time since last request: 0.000044 seconds.
  path: Assets/Materials/LevelMaterials/TileMatarials/TileCircleTopLeft_Mat.mat
  artifactKey: Guid(1eb53838ce048374eb65be71a730f2b7) Importer(815301076,1909f56bfc062723c751e8b465ee728b)
Start importing Assets/Materials/LevelMaterials/TileMatarials/TileCircleTopLeft_Mat.mat using Guid(1eb53838ce048374eb65be71a730f2b7) Importer(815301076,1909f56bfc062723c751e8b465ee728b)  -> (artifact id: '93f0d9724ff33ccd1a4563d70fc91eb8') in 0.023973 seconds 
========================================================================
Received Import Request.
  Time since last request: 0.000017 seconds.
  path: Assets/Materials/LevelMaterials/TileMatarials/TileRoadVertical_Mat.mat
  artifactKey: Guid(cb822b2e8dd00f043bbb696b53ee55ac) Importer(815301076,1909f56bfc062723c751e8b465ee728b)
Start importing Assets/Materials/LevelMaterials/TileMatarials/TileRoadVertical_Mat.mat using Guid(cb822b2e8dd00f043bbb696b53ee55ac) Importer(815301076,1909f56bfc062723c751e8b465ee728b)  -> (artifact id: '0621e38b34f6bb4f1a130b1326fbc595') in 0.103298 seconds 
========================================================================
Received Import Request.
  Time since last request: 0.000044 seconds.
  path: Assets/Materials/LevelMaterials/TileMatarials/TileCircleDownLeft_Mat.mat
  artifactKey: Guid(6d31f4feb9144cf41b40860f17152e92) Importer(815301076,1909f56bfc062723c751e8b465ee728b)
Start importing Assets/Materials/LevelMaterials/TileMatarials/TileCircleDownLeft_Mat.mat using Guid(6d31f4feb9144cf41b40860f17152e92) Importer(815301076,1909f56bfc062723c751e8b465ee728b)  -> (artifact id: '70aa3af3de624bdb2f4e2570ef30c25e') in 0.031514 seconds 
========================================================================
Received Import Request.
  Time since last request: 0.000063 seconds.
  path: Assets/Materials/LevelMaterials/TileMatarials/TileCircleRight_Mat.mat
  artifactKey: Guid(e3353b9a83b63c546bfb3f81d5a097e2) Importer(815301076,1909f56bfc062723c751e8b465ee728b)
Start importing Assets/Materials/LevelMaterials/TileMatarials/TileCircleRight_Mat.mat using Guid(e3353b9a83b63c546bfb3f81d5a097e2) Importer(815301076,1909f56bfc062723c751e8b465ee728b)  -> (artifact id: 'bcb314ac76866335698401effd8bfd50') in 0.028595 seconds 
========================================================================
Received Import Request.
  Time since last request: 0.000028 seconds.
  path: Assets/Materials/LevelMaterials/TileMatarials/TileCircleTop_Mat.mat
  artifactKey: Guid(ada7d8699668c56438a6469902d53b29) Importer(815301076,1909f56bfc062723c751e8b465ee728b)
Start importing Assets/Materials/LevelMaterials/TileMatarials/TileCircleTop_Mat.mat using Guid(ada7d8699668c56438a6469902d53b29) Importer(815301076,1909f56bfc062723c751e8b465ee728b)  -> (artifact id: '911cc2f3d681db7566601d50553b9736') in 0.025486 seconds 
========================================================================
Received Prepare
Registering precompiled user dll's ...
Registered in 0.007917 seconds.
Begin MonoManager ReloadAssembly
Symbol file LoadedFromMemory doesn't match image F:\Unity Project\KidnapThePrincess\Library\PackageCache\com.unity.visualscripting@1.7.8\Editor\VisualScripting.Core\Dependencies\YamlDotNet\Unity.VisualScripting.YamlDotNet.dll
Symbol file LoadedFromMemory doesn't match image F:\Unity Project\KidnapThePrincess\Library\PackageCache\com.unity.visualscripting@1.7.8\Editor\VisualScripting.Core\Dependencies\DotNetZip\Unity.VisualScripting.IonicZip.dll
Native extension for WindowsStandalone target not found
Refreshing native plugins compatible for Editor in 1.14 ms, found 4 plugins.
Preloading 0 native plugins for Editor in 0.00 ms.
Mono: successfully reloaded assembly
- Completed reload, in  1.636 seconds
Domain Reload Profiling:
	ReloadAssembly (1638ms)
		BeginReloadAssembly (164ms)
			ExecutionOrderSort (0ms)
			DisableScriptedObjects (7ms)
			BackupInstance (0ms)
			ReleaseScriptingObjects (0ms)
			CreateAndSetChildDomain (48ms)
		EndReloadAssembly (1330ms)
			LoadAssemblies (133ms)
			RebuildTransferFunctionScriptingTraits (0ms)
			SetupTypeCache (362ms)
			ReleaseScriptCaches (2ms)
			RebuildScriptCaches (80ms)
			SetupLoadedEditorAssemblies (662ms)
				LogAssemblyErrors (0ms)
				InitializePlatformSupportModulesInManaged (14ms)
				SetLoadedEditorAssemblies (1ms)
				RefreshPlugins (1ms)
				BeforeProcessingInitializeOnLoad (127ms)
				ProcessInitializeOnLoadAttributes (442ms)
				ProcessInitializeOnLoadMethodAttributes (72ms)
				AfterProcessingInitializeOnLoad (6ms)
				EditorAssembliesLoaded (0ms)
			ExecutionOrderSort2 (0ms)
			AwakeInstancesAfterBackupRestoration (15ms)
Platform modules already initialized, skipping
Refreshing native plugins compatible for Editor in 4.61 ms, found 4 plugins.
Preloading 0 native plugins for Editor in 0.00 ms.
Unloading 4388 Unused Serialized files (Serialized files now loaded: 0)
Unloading 33 unused Assets / (263.3 KB). Loaded Objects now: 4948.
Memory consumption went from 255.7 MB to 255.5 MB.
Total: 8.138900 ms (FindLiveObjects: 0.448700 ms CreateObjectMapping: 0.304400 ms MarkObjects: 6.589300 ms  DeleteObjects: 0.793400 ms)

AssetImportParameters requested are different than current active one (requested -> active):
  custom:video-decoder-ogg-theora: a1e56fd34408186e4bbccfd4996cb3dc -> 
  custom:container-muxer-webm: aa71ff27fc2769a1b78a27578f13a17b -> 
  custom:container-demuxer-webm: 4f35f7cbe854078d1ac9338744f61a02 -> 
  custom:video-encoder-webm-vp8: eb34c28f22e8b96e1ab97ce403110664 -> 
  custom:video-codec-MediaFoundation-h265: 746d11721c4dcdbdad8f713fa42b33f4 -> 
  custom:audio-encoder-webm-vorbis: bf7c407c2cedff20999df2af8eb42d56 -> 
  custom:framework-win-MediaFoundation: 216162199b28c13a410421893ffa2e32 -> 
  custom:container-demuxer-ogg: 62fdf1f143b41e24485cea50d1cbac27 -> 
  custom:video-decoder-webm-vp8: 9c59270c3fd7afecdb556c50c9e8de78 -> 
  custom:audio-decoder-ogg-vorbis: bf7c407c2cedff20999df2af8eb42d56 -> 
========================================================================
Received Import Request.
  Time since last request: 243.824202 seconds.
  path: Assets/Prefabs/EnemyPrefabs/RangedEnemy.prefab
  artifactKey: Guid(61cdbd3bc8f5a8b478e6073c0abaf7ac) Importer(815301076,1909f56bfc062723c751e8b465ee728b)
Start importing Assets/Prefabs/EnemyPrefabs/RangedEnemy.prefab using Guid(61cdbd3bc8f5a8b478e6073c0abaf7ac) Importer(815301076,1909f56bfc062723c751e8b465ee728b)  -> (artifact id: 'b4b2c699593e571c2c690d8f6d50cade') in 0.599748 seconds 
========================================================================
Received Import Request.
  Time since last request: 12.545637 seconds.
  path: Assets/Prefabs/Environment_Prefabs/TilePrefabs/TileCircleDown.prefab
  artifactKey: Guid(82a1dbd67669cc64091ba0c0ef1bf155) Importer(815301076,1909f56bfc062723c751e8b465ee728b)
Start importing Assets/Prefabs/Environment_Prefabs/TilePrefabs/TileCircleDown.prefab using Guid(82a1dbd67669cc64091ba0c0ef1bf155) Importer(815301076,1909f56bfc062723c751e8b465ee728b)  -> (artifact id: '0c87b95e86513c56bb97947c208d6ef4') in 0.032003 seconds 
========================================================================
Received Import Request.
  Time since last request: 0.000035 seconds.
  path: Assets/Prefabs/Environment_Prefabs/TilePrefabs/TileCircleTop.prefab
  artifactKey: Guid(d0fa87d0d481988439cd14acf5393518) Importer(815301076,1909f56bfc062723c751e8b465ee728b)
Start importing Assets/Prefabs/Environment_Prefabs/TilePrefabs/TileCircleTop.prefab using Guid(d0fa87d0d481988439cd14acf5393518) Importer(815301076,1909f56bfc062723c751e8b465ee728b)  -> (artifact id: 'b9d70b48c627aa4c0e2d31cb6c33fa04') in 0.057241 seconds 
========================================================================
Received Import Request.
  Time since last request: 0.000079 seconds.
  path: Assets/Prefabs/Environment_Prefabs/TilePrefabs/TileRoadHorizontal.prefab
  artifactKey: Guid(d1475309f40a97e45b4ae0c70315aa71) Importer(815301076,1909f56bfc062723c751e8b465ee728b)
Start importing Assets/Prefabs/Environment_Prefabs/TilePrefabs/TileRoadHorizontal.prefab using Guid(d1475309f40a97e45b4ae0c70315aa71) Importer(815301076,1909f56bfc062723c751e8b465ee728b)  -> (artifact id: 'e3edd6aa9e61ef9909b27fe8ee4e4e92') in 0.028592 seconds 
========================================================================
Received Import Request.
  Time since last request: 0.000061 seconds.
  path: Assets/Prefabs/Environment_Prefabs/TilePrefabs/TileRoadVertical.prefab
  artifactKey: Guid(1c1c82476bf6f8542bacb6137a3caf75) Importer(815301076,1909f56bfc062723c751e8b465ee728b)
Start importing Assets/Prefabs/Environment_Prefabs/TilePrefabs/TileRoadVertical.prefab using Guid(1c1c82476bf6f8542bacb6137a3caf75) Importer(815301076,1909f56bfc062723c751e8b465ee728b)  -> (artifact id: '28bb2e574e292e32f7615493e1f18a11') in 0.033372 seconds 
========================================================================
Received Import Request.
  Time since last request: 0.000036 seconds.
  path: Assets/Prefabs/Environment_Prefabs/TilePrefabs/TileCircleRight.prefab
  artifactKey: Guid(0cf9d2c34605dba4b802b06725b48b02) Importer(815301076,1909f56bfc062723c751e8b465ee728b)
Start importing Assets/Prefabs/Environment_Prefabs/TilePrefabs/TileCircleRight.prefab using Guid(0cf9d2c34605dba4b802b06725b48b02) Importer(815301076,1909f56bfc062723c751e8b465ee728b)  -> (artifact id: '84295489a3d22a129276b9c891f34744') in 0.030881 seconds 
========================================================================
Received Import Request.
  Time since last request: 0.000025 seconds.
  path: Assets/Prefabs/Environment_Prefabs/TilePrefabs/TileTownTurf.prefab
  artifactKey: Guid(caeb2ec055984004c89cc8cb571f3f74) Importer(815301076,1909f56bfc062723c751e8b465ee728b)
Start importing Assets/Prefabs/Environment_Prefabs/TilePrefabs/TileTownTurf.prefab using Guid(caeb2ec055984004c89cc8cb571f3f74) Importer(815301076,1909f56bfc062723c751e8b465ee728b)  -> (artifact id: '7b28357b72cb113973c0cd4d939525e3') in 0.027259 seconds 
========================================================================
Received Prepare
Registering precompiled user dll's ...
Registered in 0.007425 seconds.
Begin MonoManager ReloadAssembly
Symbol file LoadedFromMemory doesn't match image F:\Unity Project\KidnapThePrincess\Library\PackageCache\com.unity.visualscripting@1.7.8\Editor\VisualScripting.Core\Dependencies\YamlDotNet\Unity.VisualScripting.YamlDotNet.dll
Symbol file LoadedFromMemory doesn't match image F:\Unity Project\KidnapThePrincess\Library\PackageCache\com.unity.visualscripting@1.7.8\Editor\VisualScripting.Core\Dependencies\DotNetZip\Unity.VisualScripting.IonicZip.dll
Native extension for WindowsStandalone target not found
Refreshing native plugins compatible for Editor in 1.78 ms, found 4 plugins.
Preloading 0 native plugins for Editor in 0.00 ms.
Mono: successfully reloaded assembly
- Completed reload, in  1.342 seconds
Domain Reload Profiling:
	ReloadAssembly (1342ms)
		BeginReloadAssembly (179ms)
			ExecutionOrderSort (0ms)
			DisableScriptedObjects (7ms)
			BackupInstance (0ms)
			ReleaseScriptingObjects (0ms)
			CreateAndSetChildDomain (65ms)
		EndReloadAssembly (1034ms)
			LoadAssemblies (126ms)
			RebuildTransferFunctionScriptingTraits (0ms)
			SetupTypeCache (341ms)
			ReleaseScriptCaches (2ms)
			RebuildScriptCaches (62ms)
			SetupLoadedEditorAssemblies (456ms)
				LogAssemblyErrors (0ms)
				InitializePlatformSupportModulesInManaged (14ms)
				SetLoadedEditorAssemblies (1ms)
				RefreshPlugins (2ms)
				BeforeProcessingInitializeOnLoad (87ms)
				ProcessInitializeOnLoadAttributes (302ms)
				ProcessInitializeOnLoadMethodAttributes (46ms)
				AfterProcessingInitializeOnLoad (4ms)
				EditorAssembliesLoaded (0ms)
			ExecutionOrderSort2 (0ms)
			AwakeInstancesAfterBackupRestoration (12ms)
Platform modules already initialized, skipping
Refreshing native plugins compatible for Editor in 2.31 ms, found 4 plugins.
Preloading 0 native plugins for Editor in 0.00 ms.
Unloading 4388 Unused Serialized files (Serialized files now loaded: 0)
Unloading 42 unused Assets / (267.8 KB). Loaded Objects now: 4965.
Memory consumption went from 255.9 MB to 255.7 MB.
Total: 4.990400 ms (FindLiveObjects: 0.377400 ms CreateObjectMapping: 0.434100 ms MarkObjects: 3.910800 ms  DeleteObjects: 0.267100 ms)

AssetImportParameters requested are different than current active one (requested -> active):
  custom:video-decoder-ogg-theora: a1e56fd34408186e4bbccfd4996cb3dc -> 
  custom:container-muxer-webm: aa71ff27fc2769a1b78a27578f13a17b -> 
  custom:container-demuxer-webm: 4f35f7cbe854078d1ac9338744f61a02 -> 
  custom:video-encoder-webm-vp8: eb34c28f22e8b96e1ab97ce403110664 -> 
  custom:video-codec-MediaFoundation-h265: 746d11721c4dcdbdad8f713fa42b33f4 -> 
  custom:audio-encoder-webm-vorbis: bf7c407c2cedff20999df2af8eb42d56 -> 
  custom:framework-win-MediaFoundation: 216162199b28c13a410421893ffa2e32 -> 
  custom:container-demuxer-ogg: 62fdf1f143b41e24485cea50d1cbac27 -> 
  custom:video-decoder-webm-vp8: 9c59270c3fd7afecdb556c50c9e8de78 -> 
  custom:audio-decoder-ogg-vorbis: bf7c407c2cedff20999df2af8eb42d56 -> 
========================================================================
Received Prepare
Registering precompiled user dll's ...
Registered in 0.008772 seconds.
Begin MonoManager ReloadAssembly
Symbol file LoadedFromMemory doesn't match image F:\Unity Project\KidnapThePrincess\Library\PackageCache\com.unity.visualscripting@1.7.8\Editor\VisualScripting.Core\Dependencies\YamlDotNet\Unity.VisualScripting.YamlDotNet.dll
Symbol file LoadedFromMemory doesn't match image F:\Unity Project\KidnapThePrincess\Library\PackageCache\com.unity.visualscripting@1.7.8\Editor\VisualScripting.Core\Dependencies\DotNetZip\Unity.VisualScripting.IonicZip.dll
Native extension for WindowsStandalone target not found
Refreshing native plugins compatible for Editor in 0.90 ms, found 4 plugins.
Preloading 0 native plugins for Editor in 0.00 ms.
Mono: successfully reloaded assembly
- Completed reload, in  1.288 seconds
Domain Reload Profiling:
	ReloadAssembly (1289ms)
		BeginReloadAssembly (170ms)
			ExecutionOrderSort (0ms)
			DisableScriptedObjects (8ms)
			BackupInstance (0ms)
			ReleaseScriptingObjects (0ms)
			CreateAndSetChildDomain (46ms)
		EndReloadAssembly (1005ms)
			LoadAssemblies (129ms)
			RebuildTransferFunctionScriptingTraits (0ms)
			SetupTypeCache (304ms)
			ReleaseScriptCaches (2ms)
			RebuildScriptCaches (60ms)
			SetupLoadedEditorAssemblies (468ms)
				LogAssemblyErrors (0ms)
				InitializePlatformSupportModulesInManaged (15ms)
				SetLoadedEditorAssemblies (1ms)
				RefreshPlugins (1ms)
				BeforeProcessingInitializeOnLoad (97ms)
				ProcessInitializeOnLoadAttributes (294ms)
				ProcessInitializeOnLoadMethodAttributes (56ms)
				AfterProcessingInitializeOnLoad (4ms)
				EditorAssembliesLoaded (0ms)
			ExecutionOrderSort2 (0ms)
			AwakeInstancesAfterBackupRestoration (11ms)
Platform modules already initialized, skipping
Refreshing native plugins compatible for Editor in 2.52 ms, found 4 plugins.
Preloading 0 native plugins for Editor in 0.00 ms.
Unloading 4388 Unused Serialized files (Serialized files now loaded: 0)
Unloading 33 unused Assets / (263.2 KB). Loaded Objects now: 4980.
Memory consumption went from 255.9 MB to 255.6 MB.
Total: 4.541600 ms (FindLiveObjects: 0.519200 ms CreateObjectMapping: 0.415000 ms MarkObjects: 3.412300 ms  DeleteObjects: 0.193800 ms)

AssetImportParameters requested are different than current active one (requested -> active):
  custom:video-decoder-ogg-theora: a1e56fd34408186e4bbccfd4996cb3dc -> 
  custom:container-muxer-webm: aa71ff27fc2769a1b78a27578f13a17b -> 
  custom:container-demuxer-webm: 4f35f7cbe854078d1ac9338744f61a02 -> 
  custom:video-encoder-webm-vp8: eb34c28f22e8b96e1ab97ce403110664 -> 
  custom:video-codec-MediaFoundation-h265: 746d11721c4dcdbdad8f713fa42b33f4 -> 
  custom:audio-encoder-webm-vorbis: bf7c407c2cedff20999df2af8eb42d56 -> 
  custom:framework-win-MediaFoundation: 216162199b28c13a410421893ffa2e32 -> 
  custom:container-demuxer-ogg: 62fdf1f143b41e24485cea50d1cbac27 -> 
  custom:video-decoder-webm-vp8: 9c59270c3fd7afecdb556c50c9e8de78 -> 
  custom:audio-decoder-ogg-vorbis: bf7c407c2cedff20999df2af8eb42d56 -> 
========================================================================
Received Import Request.
  Time since last request: 396.372451 seconds.
  path: Assets/Textures/Tile_Textures/CircleDownLeft_Color.png
  artifactKey: Guid(2a082427b479262469825ebe8e56955c) Importer(815301076,1909f56bfc062723c751e8b465ee728b)
Start importing Assets/Textures/Tile_Textures/CircleDownLeft_Color.png using Guid(2a082427b479262469825ebe8e56955c) Importer(815301076,1909f56bfc062723c751e8b465ee728b)  -> (artifact id: '74d22498e75a7a7186e7fe84dee1b247') in 0.359472 seconds 
========================================================================
Received Import Request.
  Time since last request: 0.000035 seconds.
  path: Assets/Textures/Tile_Textures/CircleDownRight_Color.png
  artifactKey: Guid(1404974556a5d5e4c92b12f57f80878f) Importer(815301076,1909f56bfc062723c751e8b465ee728b)
Start importing Assets/Textures/Tile_Textures/CircleDownRight_Color.png using Guid(1404974556a5d5e4c92b12f57f80878f) Importer(815301076,1909f56bfc062723c751e8b465ee728b)  -> (artifact id: '37670f1e50660680ba1df78521c3d316') in 0.141380 seconds 
========================================================================
Received Import Request.
  Time since last request: 209.139216 seconds.
  path: Assets/Prefabs/_Test_Prefabs/Test_Structure_1.prefab
  artifactKey: Guid(bdb655bf8a898ea40b9d99f17f8b0792) Importer(815301076,1909f56bfc062723c751e8b465ee728b)
Start importing Assets/Prefabs/_Test_Prefabs/Test_Structure_1.prefab using Guid(bdb655bf8a898ea40b9d99f17f8b0792) Importer(815301076,1909f56bfc062723c751e8b465ee728b)  -> (artifact id: '19df1f08a2dc8c7c31cf0de73602747c') in 0.341134 seconds 
========================================================================
Received Prepare
Registering precompiled user dll's ...
Registered in 0.006900 seconds.
Begin MonoManager ReloadAssembly
Symbol file LoadedFromMemory doesn't match image F:\Unity Project\KidnapThePrincess\Library\PackageCache\com.unity.visualscripting@1.7.8\Editor\VisualScripting.Core\Dependencies\YamlDotNet\Unity.VisualScripting.YamlDotNet.dll
Symbol file LoadedFromMemory doesn't match image F:\Unity Project\KidnapThePrincess\Library\PackageCache\com.unity.visualscripting@1.7.8\Editor\VisualScripting.Core\Dependencies\DotNetZip\Unity.VisualScripting.IonicZip.dll
Native extension for WindowsStandalone target not found
Refreshing native plugins compatible for Editor in 1.41 ms, found 4 plugins.
Preloading 0 native plugins for Editor in 0.00 ms.
Mono: successfully reloaded assembly
- Completed reload, in  2.251 seconds
Domain Reload Profiling:
	ReloadAssembly (2252ms)
		BeginReloadAssembly (239ms)
			ExecutionOrderSort (0ms)
			DisableScriptedObjects (13ms)
			BackupInstance (0ms)
			ReleaseScriptingObjects (0ms)
			CreateAndSetChildDomain (86ms)
		EndReloadAssembly (1856ms)
			LoadAssemblies (163ms)
			RebuildTransferFunctionScriptingTraits (0ms)
			SetupTypeCache (564ms)
			ReleaseScriptCaches (3ms)
			RebuildScriptCaches (141ms)
			SetupLoadedEditorAssemblies (846ms)
				LogAssemblyErrors (0ms)
				InitializePlatformSupportModulesInManaged (23ms)
				SetLoadedEditorAssemblies (1ms)
				RefreshPlugins (2ms)
				BeforeProcessingInitializeOnLoad (140ms)
				ProcessInitializeOnLoadAttributes (588ms)
				ProcessInitializeOnLoadMethodAttributes (86ms)
				AfterProcessingInitializeOnLoad (6ms)
				EditorAssembliesLoaded (0ms)
			ExecutionOrderSort2 (0ms)
			AwakeInstancesAfterBackupRestoration (23ms)
Platform modules already initialized, skipping
Refreshing native plugins compatible for Editor in 5.80 ms, found 4 plugins.
Preloading 0 native plugins for Editor in 0.00 ms.
Unloading 4388 Unused Serialized files (Serialized files now loaded: 0)
Unloading 33 unused Assets / (263.0 KB). Loaded Objects now: 4996.
Memory consumption went from 255.9 MB to 255.7 MB.
Total: 7.774000 ms (FindLiveObjects: 0.481600 ms CreateObjectMapping: 0.407200 ms MarkObjects: 6.584700 ms  DeleteObjects: 0.299400 ms)

AssetImportParameters requested are different than current active one (requested -> active):
  custom:video-decoder-ogg-theora: a1e56fd34408186e4bbccfd4996cb3dc -> 
  custom:container-muxer-webm: aa71ff27fc2769a1b78a27578f13a17b -> 
  custom:container-demuxer-webm: 4f35f7cbe854078d1ac9338744f61a02 -> 
  custom:video-encoder-webm-vp8: eb34c28f22e8b96e1ab97ce403110664 -> 
  custom:video-codec-MediaFoundation-h265: 746d11721c4dcdbdad8f713fa42b33f4 -> 
  custom:audio-encoder-webm-vorbis: bf7c407c2cedff20999df2af8eb42d56 -> 
  custom:framework-win-MediaFoundation: 216162199b28c13a410421893ffa2e32 -> 
  custom:container-demuxer-ogg: 62fdf1f143b41e24485cea50d1cbac27 -> 
  custom:video-decoder-webm-vp8: 9c59270c3fd7afecdb556c50c9e8de78 -> 
  custom:audio-decoder-ogg-vorbis: bf7c407c2cedff20999df2af8eb42d56 -> 
========================================================================
Received Prepare
Registering precompiled user dll's ...
Registered in 0.006693 seconds.
Begin MonoManager ReloadAssembly
Symbol file LoadedFromMemory doesn't match image F:\Unity Project\KidnapThePrincess\Library\PackageCache\com.unity.visualscripting@1.7.8\Editor\VisualScripting.Core\Dependencies\YamlDotNet\Unity.VisualScripting.YamlDotNet.dll
Symbol file LoadedFromMemory doesn't match image F:\Unity Project\KidnapThePrincess\Library\PackageCache\com.unity.visualscripting@1.7.8\Editor\VisualScripting.Core\Dependencies\DotNetZip\Unity.VisualScripting.IonicZip.dll
Native extension for WindowsStandalone target not found
Refreshing native plugins compatible for Editor in 0.99 ms, found 4 plugins.
Preloading 0 native plugins for Editor in 0.00 ms.
Mono: successfully reloaded assembly
- Completed reload, in  1.522 seconds
Domain Reload Profiling:
	ReloadAssembly (1523ms)
		BeginReloadAssembly (168ms)
			ExecutionOrderSort (0ms)
			DisableScriptedObjects (7ms)
			BackupInstance (0ms)
			ReleaseScriptingObjects (0ms)
			CreateAndSetChildDomain (56ms)
		EndReloadAssembly (1231ms)
			LoadAssemblies (107ms)
			RebuildTransferFunctionScriptingTraits (0ms)
			SetupTypeCache (328ms)
			ReleaseScriptCaches (2ms)
			RebuildScriptCaches (73ms)
			SetupLoadedEditorAssemblies (650ms)
				LogAssemblyErrors (0ms)
				InitializePlatformSupportModulesInManaged (14ms)
				SetLoadedEditorAssemblies (1ms)
				RefreshPlugins (1ms)
				BeforeProcessingInitializeOnLoad (99ms)
				ProcessInitializeOnLoadAttributes (456ms)
				ProcessInitializeOnLoadMethodAttributes (75ms)
				AfterProcessingInitializeOnLoad (5ms)
				EditorAssembliesLoaded (0ms)
			ExecutionOrderSort2 (0ms)
			AwakeInstancesAfterBackupRestoration (17ms)
Platform modules already initialized, skipping
Refreshing native plugins compatible for Editor in 5.21 ms, found 4 plugins.
Preloading 0 native plugins for Editor in 0.00 ms.
Unloading 4388 Unused Serialized files (Serialized files now loaded: 0)
Unloading 33 unused Assets / (263.2 KB). Loaded Objects now: 5011.
Memory consumption went from 256.0 MB to 255.7 MB.
Total: 9.076500 ms (FindLiveObjects: 0.627300 ms CreateObjectMapping: 0.637500 ms MarkObjects: 7.193200 ms  DeleteObjects: 0.616400 ms)

AssetImportParameters requested are different than current active one (requested -> active):
  custom:video-decoder-ogg-theora: a1e56fd34408186e4bbccfd4996cb3dc -> 
  custom:container-muxer-webm: aa71ff27fc2769a1b78a27578f13a17b -> 
  custom:container-demuxer-webm: 4f35f7cbe854078d1ac9338744f61a02 -> 
  custom:video-encoder-webm-vp8: eb34c28f22e8b96e1ab97ce403110664 -> 
  custom:video-codec-MediaFoundation-h265: 746d11721c4dcdbdad8f713fa42b33f4 -> 
  custom:audio-encoder-webm-vorbis: bf7c407c2cedff20999df2af8eb42d56 -> 
  custom:framework-win-MediaFoundation: 216162199b28c13a410421893ffa2e32 -> 
  custom:container-demuxer-ogg: 62fdf1f143b41e24485cea50d1cbac27 -> 
  custom:video-decoder-webm-vp8: 9c59270c3fd7afecdb556c50c9e8de78 -> 
  custom:audio-decoder-ogg-vorbis: bf7c407c2cedff20999df2af8eb42d56 -> 
========================================================================
Received Import Request.
  Time since last request: 874.215525 seconds.
  path: Assets/Materials/Level_Materials/TreeLeaf_Mat 1.mat
  artifactKey: Guid(3a98e86ffa6ad1740a56ee1ee6aac530) Importer(815301076,1909f56bfc062723c751e8b465ee728b)
Start importing Assets/Materials/Level_Materials/TreeLeaf_Mat 1.mat using Guid(3a98e86ffa6ad1740a56ee1ee6aac530) Importer(815301076,1909f56bfc062723c751e8b465ee728b)  -> (artifact id: '2290c43e8a85fb86e38da85cf8adf150') in 0.229669 seconds 
